{
  "stats": {
    "suites": 1,
    "tests": 5,
    "passes": 5,
    "pending": 0,
    "failures": 0,
    "start": "2020-08-04T22:58:09.158Z",
    "end": "2020-08-04T22:58:11.855Z",
    "duration": 2697,
    "testsRegistered": 5,
    "passPercent": 100,
    "pendingPercent": 0,
    "other": 0,
    "hasOther": false,
    "skipped": 0,
    "hasSkipped": false
  },
  "results": [
    {
      "uuid": "ee261ff7-780d-482b-88c4-5865a1bdde44",
      "title": "",
      "fullFile": "cypress/integration/examples/querying.spec.js",
      "file": "cypress/integration/examples/querying.spec.js",
      "beforeHooks": [],
      "afterHooks": [],
      "tests": [],
      "suites": [
        {
          "uuid": "cd61c189-efd3-4343-b2b3-c831036b4f23",
          "title": "Querying",
          "fullFile": "",
          "file": "",
          "beforeHooks": [],
          "afterHooks": [],
          "tests": [
            {
              "title": "cy.get() - query DOM elements",
              "fullTitle": "Querying cy.get() - query DOM elements",
              "timedOut": null,
              "duration": 453,
              "state": "passed",
              "speed": "slow",
              "pass": true,
              "fail": false,
              "pending": false,
              "context": null,
              "code": "// https://on.cypress.io/get\ncy.get('#query-btn').should('contain', 'Button');\ncy.get('.query-btn').should('contain', 'Button');\ncy.get('#querying .well>button:first').should('contain', 'Button'); //              ↲\n// Use CSS selectors just like jQuery\ncy.get('[data-test-id=\"test-example\"]').should('have.class', 'example'); // 'cy.get()' yields jQuery object, you can get its attribute\n// by invoking `.attr()` method\ncy.get('[data-test-id=\"test-example\"]').invoke('attr', 'data-test-id').should('equal', 'test-example'); // or you can get element's CSS property\ncy.get('[data-test-id=\"test-example\"]').invoke('css', 'position').should('equal', 'static'); // or use assertions directly during 'cy.get()'\n// https://on.cypress.io/assertions\ncy.get('[data-test-id=\"test-example\"]').should('have.attr', 'data-test-id', 'test-example').and('have.css', 'position', 'static');",
              "err": {},
              "uuid": "9c415d2d-3770-466e-88b9-0c44d41a2005",
              "parentUUID": "cd61c189-efd3-4343-b2b3-c831036b4f23",
              "isHook": false,
              "skipped": false
            },
            {
              "title": "cy.contains() - query DOM elements with matching content",
              "fullTitle": "Querying cy.contains() - query DOM elements with matching content",
              "timedOut": null,
              "duration": 190,
              "state": "passed",
              "speed": "slow",
              "pass": true,
              "fail": false,
              "pending": false,
              "context": null,
              "code": "// https://on.cypress.io/contains\ncy.get('.query-list').contains('bananas').should('have.class', 'third'); // we can pass a regexp to `.contains()`\ncy.get('.query-list').contains(/^b\\w+/).should('have.class', 'third');\ncy.get('.query-list').contains('apples').should('have.class', 'first'); // passing a selector to contains will\n// yield the selector containing the text\ncy.get('#querying').contains('ul', 'oranges').should('have.class', 'query-list');\ncy.get('.query-button').contains('Save Form').should('have.class', 'btn');",
              "err": {},
              "uuid": "cd505708-a4c5-4b2a-9a51-1c359a9c9bc8",
              "parentUUID": "cd61c189-efd3-4343-b2b3-c831036b4f23",
              "isHook": false,
              "skipped": false
            },
            {
              "title": ".within() - query DOM elements within a specific element",
              "fullTitle": "Querying .within() - query DOM elements within a specific element",
              "timedOut": null,
              "duration": 178,
              "state": "passed",
              "speed": "slow",
              "pass": true,
              "fail": false,
              "pending": false,
              "context": null,
              "code": "// https://on.cypress.io/within\ncy.get('.query-form').within(function () {\n  cy.get('input:first').should('have.attr', 'placeholder', 'Email');\n  cy.get('input:last').should('have.attr', 'placeholder', 'Password');\n});",
              "err": {},
              "uuid": "072a73a1-cffb-45c3-a63d-427c76175dd5",
              "parentUUID": "cd61c189-efd3-4343-b2b3-c831036b4f23",
              "isHook": false,
              "skipped": false
            },
            {
              "title": "cy.root() - query the root DOM element",
              "fullTitle": "Querying cy.root() - query the root DOM element",
              "timedOut": null,
              "duration": 152,
              "state": "passed",
              "speed": "slow",
              "pass": true,
              "fail": false,
              "pending": false,
              "context": null,
              "code": "// https://on.cypress.io/root\n// By default, root is the document\ncy.root().should('match', 'html');\ncy.get('.query-ul').within(function () {\n  // In this within, the root is now the ul DOM element\n  cy.root().should('have.class', 'query-ul');\n});",
              "err": {},
              "uuid": "96c2431c-8e48-4366-8722-0f1c2160c47e",
              "parentUUID": "cd61c189-efd3-4343-b2b3-c831036b4f23",
              "isHook": false,
              "skipped": false
            },
            {
              "title": "best practices - selecting elements",
              "fullTitle": "Querying best practices - selecting elements",
              "timedOut": null,
              "duration": 715,
              "state": "passed",
              "speed": "slow",
              "pass": true,
              "fail": false,
              "pending": false,
              "context": null,
              "code": "// https://on.cypress.io/best-practices#Selecting-Elements\ncy.get('[data-cy=best-practices-selecting-elements]').within(function () {\n  // Worst - too generic, no context\n  cy.get('button').click(); // Bad. Coupled to styling. Highly subject to change.\n  cy.get('.btn.btn-large').click(); // Average. Coupled to the `name` attribute which has HTML semantics.\n  cy.get('[name=submission]').click(); // Better. But still coupled to styling or JS event listeners.\n  cy.get('#main').click(); // Slightly better. Uses an ID but also ensures the element\n  // has an ARIA role attribute\n  cy.get('#main[role=button]').click(); // Much better. But still coupled to text content that may change.\n  cy.contains('Submit').click(); // Best. Insulated from all changes.\n  cy.get('[data-cy=submit]').click();\n});",
              "err": {},
              "uuid": "4a4a0771-193b-480b-900e-490730effbc2",
              "parentUUID": "cd61c189-efd3-4343-b2b3-c831036b4f23",
              "isHook": false,
              "skipped": false
            }
          ],
          "suites": [],
          "passes": [
            "9c415d2d-3770-466e-88b9-0c44d41a2005",
            "cd505708-a4c5-4b2a-9a51-1c359a9c9bc8",
            "072a73a1-cffb-45c3-a63d-427c76175dd5",
            "96c2431c-8e48-4366-8722-0f1c2160c47e",
            "4a4a0771-193b-480b-900e-490730effbc2"
          ],
          "failures": [],
          "pending": [],
          "skipped": [],
          "duration": 1688,
          "root": false,
          "rootEmpty": false,
          "_timeout": 2000
        }
      ],
      "passes": [],
      "failures": [],
      "pending": [],
      "skipped": [],
      "duration": 0,
      "root": true,
      "rootEmpty": true,
      "_timeout": 2000
    }
  ],
  "meta": {
    "mocha": {
      "version": "7.0.1"
    },
    "mochawesome": {
      "options": {
        "quiet": false,
        "reportFilename": "mochawesome",
        "saveHtml": false,
        "saveJson": true,
        "consoleReporter": "spec",
        "useInlineDiffs": false,
        "code": true
      },
      "version": "6.1.1"
    },
    "marge": {
      "options": {
        "id": "default",
        "reportDir": "cypress/reports/mocha",
        "quite": true,
        "overwrite": false,
        "html": false,
        "json": true
      },
      "version": "5.1.0"
    }
  }
}