{
  "stats": {
    "suites": 2,
    "tests": 41,
    "passes": 41,
    "pending": 0,
    "failures": 0,
    "start": "2020-08-04T22:55:03.612Z",
    "end": "2020-08-04T22:55:09.108Z",
    "duration": 5496,
    "testsRegistered": 41,
    "passPercent": 100,
    "pendingPercent": 0,
    "other": 0,
    "hasOther": false,
    "skipped": 0,
    "hasSkipped": false
  },
  "results": [
    {
      "uuid": "94dd4310-346d-4da1-a6a5-94ec52e792a0",
      "title": "",
      "fullFile": "cypress/integration/Autolearning/Assertions/bddChaiAssertion.js",
      "file": "cypress/integration/Autolearning/Assertions/bddChaiAssertion.js",
      "beforeHooks": [],
      "afterHooks": [],
      "tests": [],
      "suites": [
        {
          "uuid": "aafd6b11-b69d-48d3-8ec6-bbf8244140c1",
          "title": "Actions",
          "fullFile": "",
          "file": "",
          "beforeHooks": [],
          "afterHooks": [],
          "tests": [],
          "suites": [
            {
              "uuid": "e4278aa9-aef6-4874-a69e-d5e22f96422f",
              "title": "Validate with BDD Chai assertion",
              "fullFile": "",
              "file": "",
              "beforeHooks": [],
              "afterHooks": [],
              "tests": [
                {
                  "title": "Validating SEARCH FLIGHTS button text - Using to.equal and not.equal",
                  "fullTitle": "Actions Validate with BDD Chai assertion Validating SEARCH FLIGHTS button text - Using to.equal and not.equal",
                  "timedOut": null,
                  "duration": 2496,
                  "state": "passed",
                  "speed": "slow",
                  "pass": true,
                  "fail": false,
                  "pending": false,
                  "context": null,
                  "code": "/*\nexpect(function () {}).to.not.throw();\nexpect({a: 1}).to.not.have.property('b');\nexpect([1, 2]).to.be.an('array').that.does.not.include(3);\n */\ncy.get('a#btn-search-flight').should(function ($li) {\n  expect($li.get(0).innerText).to.equal('SEARCH FLIGHTS');\n});\ncy.get('a#btn-search-flight').should(function ($li) {\n  expect($li.get(0).innerText).to.not.equal('SEARCH CITY');\n});",
                  "err": {},
                  "uuid": "5e752447-0ac4-4e2d-bfda-0f3cfd11c1f5",
                  "parentUUID": "e4278aa9-aef6-4874-a69e-d5e22f96422f",
                  "isHook": false,
                  "skipped": false
                },
                {
                  "title": "Validating two search calendar objects inner text are same - using deep eql",
                  "fullTitle": "Actions Validate with BDD Chai assertion Validating two search calendar objects inner text are same - using deep eql",
                  "timedOut": null,
                  "duration": 211,
                  "state": "passed",
                  "speed": "slow",
                  "pass": true,
                  "fail": false,
                  "pending": false,
                  "context": null,
                  "code": "//  https://github.com/chaijs/deep-eql\n/*\n        cy.get('.search-calendar')\n        .eq(0)\n        .should(($SCal1) => {\n        expect($SCal1).to.deep.equal($SCal1)\n         \n*/\ncy.get('.search-calendar').eq(0).then(function (SCal_1) {\n  cy.get('.search-calendar').eq(1).should(function (SCal_2) {\n    expect(SCal_2.innerText).to.deep.equal(SCal_1.innerText);\n    expect(SCal_2.width).to.deep.equal(SCal_1.width);\n  });\n});",
                  "err": {},
                  "uuid": "57dffa5c-44db-4aae-b742-d005fd997c42",
                  "parentUUID": "e4278aa9-aef6-4874-a69e-d5e22f96422f",
                  "isHook": false,
                  "skipped": false
                },
                {
                  "title": "Validating  - using nested (NOT DONE)",
                  "fullTitle": "Actions Validate with BDD Chai assertion Validating  - using nested (NOT DONE)",
                  "timedOut": null,
                  "duration": 72,
                  "state": "passed",
                  "speed": "medium",
                  "pass": true,
                  "fail": false,
                  "pending": false,
                  "context": null,
                  "code": "cy.get('a#btn-search-flight').should(function (li) {// expect(li.btn.inline).to.have.nested.property('li.display', 'inline-block');\n  //  expect(li.property).to.have.nested.property('ATTRIBUTE_NODE','2');\n  /*\n  const c = cy.get('body.home');\n   cy.log(c);\n   */\n});",
                  "err": {},
                  "uuid": "0f4b658b-e50a-494e-bdae-0fba31284cd8",
                  "parentUUID": "e4278aa9-aef6-4874-a69e-d5e22f96422f",
                  "isHook": false,
                  "skipped": false
                },
                {
                  "title": "Validating  - using Ordered (NOT DONE)",
                  "fullTitle": "Actions Validate with BDD Chai assertion Validating  - using Ordered (NOT DONE)",
                  "timedOut": null,
                  "duration": 12,
                  "state": "passed",
                  "speed": "fast",
                  "pass": true,
                  "fail": false,
                  "pending": false,
                  "context": null,
                  "code": "",
                  "err": {},
                  "uuid": "4680d623-ecb2-4bda-9052-3115203f9830",
                  "parentUUID": "e4278aa9-aef6-4874-a69e-d5e22f96422f",
                  "isHook": false,
                  "skipped": false
                },
                {
                  "title": "Validating - using any (NOT DONE)",
                  "fullTitle": "Actions Validate with BDD Chai assertion Validating - using any (NOT DONE)",
                  "timedOut": null,
                  "duration": 19,
                  "state": "passed",
                  "speed": "fast",
                  "pass": true,
                  "fail": false,
                  "pending": false,
                  "context": null,
                  "code": "",
                  "err": {},
                  "uuid": "1c827763-50eb-492b-b20e-a130de35519f",
                  "parentUUID": "e4278aa9-aef6-4874-a69e-d5e22f96422f",
                  "isHook": false,
                  "skipped": false
                },
                {
                  "title": "Validating  - using all (NOT DONE)",
                  "fullTitle": "Actions Validate with BDD Chai assertion Validating  - using all (NOT DONE)",
                  "timedOut": null,
                  "duration": 35,
                  "state": "passed",
                  "speed": "fast",
                  "pass": true,
                  "fail": false,
                  "pending": false,
                  "context": null,
                  "code": "",
                  "err": {},
                  "uuid": "43047941-79be-4121-ae04-caf7f8cbd3dd",
                  "parentUUID": "e4278aa9-aef6-4874-a69e-d5e22f96422f",
                  "isHook": false,
                  "skipped": false
                },
                {
                  "title": "Validating  - Using a (type) (NOT DONE)",
                  "fullTitle": "Actions Validate with BDD Chai assertion Validating  - Using a (type) (NOT DONE)",
                  "timedOut": null,
                  "duration": 18,
                  "state": "passed",
                  "speed": "fast",
                  "pass": true,
                  "fail": false,
                  "pending": false,
                  "context": null,
                  "code": "",
                  "err": {},
                  "uuid": "c3c8a1ea-05b9-4c99-9bce-a43162017286",
                  "parentUUID": "e4278aa9-aef6-4874-a69e-d5e22f96422f",
                  "isHook": false,
                  "skipped": false
                },
                {
                  "title": "Validating  - Using include (NOT DONE)",
                  "fullTitle": "Actions Validate with BDD Chai assertion Validating  - Using include (NOT DONE)",
                  "timedOut": null,
                  "duration": 24,
                  "state": "passed",
                  "speed": "fast",
                  "pass": true,
                  "fail": false,
                  "pending": false,
                  "context": null,
                  "code": "",
                  "err": {},
                  "uuid": "759765c6-5c2d-4992-af20-5d827e419734",
                  "parentUUID": "e4278aa9-aef6-4874-a69e-d5e22f96422f",
                  "isHook": false,
                  "skipped": false
                },
                {
                  "title": "Validating undefined calendar - Using ok ",
                  "fullTitle": "Actions Validate with BDD Chai assertion Validating undefined calendar - Using ok ",
                  "timedOut": null,
                  "duration": 36,
                  "state": "passed",
                  "speed": "fast",
                  "pass": true,
                  "fail": false,
                  "pending": false,
                  "context": null,
                  "code": "cy.get('.search-calendar').eq(0).then(function (SCal_1) {\n  expect(SCal_1.innerText).to.not.be.ok;\n  /*\n  Udefined can not be True or ok\n  expect(SCal_1.innerText).to.be.ok\n  */\n});",
                  "err": {},
                  "uuid": "5ef1e505-a8b3-4ec6-ae54-a497483b4c0f",
                  "parentUUID": "e4278aa9-aef6-4874-a69e-d5e22f96422f",
                  "isHook": false,
                  "skipped": false
                },
                {
                  "title": "Validating  - Using true ",
                  "fullTitle": "Actions Validate with BDD Chai assertion Validating  - Using true ",
                  "timedOut": null,
                  "duration": 55,
                  "state": "passed",
                  "speed": "medium",
                  "pass": true,
                  "fail": false,
                  "pending": false,
                  "context": null,
                  "code": "cy.get('.search-calendar').eq(0).then(function (SCal_1) {\n  expect(SCal_1.innerText).to.not.be[\"true\"]; // means return false\n});",
                  "err": {},
                  "uuid": "5194abe4-0d7a-49c9-b815-16778afd359a",
                  "parentUUID": "e4278aa9-aef6-4874-a69e-d5e22f96422f",
                  "isHook": false,
                  "skipped": false
                },
                {
                  "title": "Validating  - Using false ",
                  "fullTitle": "Actions Validate with BDD Chai assertion Validating  - Using false ",
                  "timedOut": null,
                  "duration": 37,
                  "state": "passed",
                  "speed": "fast",
                  "pass": true,
                  "fail": false,
                  "pending": false,
                  "context": null,
                  "code": "cy.get('.search-calendar').eq(0).then(function (SCal_1) {\n  expect(SCal_1.innerText).to.not.be[\"false\"]; // means return true \n});",
                  "err": {},
                  "uuid": "89ccd4e7-c931-4dac-8265-cea80d24a16f",
                  "parentUUID": "e4278aa9-aef6-4874-a69e-d5e22f96422f",
                  "isHook": false,
                  "skipped": false
                },
                {
                  "title": "Validating  - Using null ",
                  "fullTitle": "Actions Validate with BDD Chai assertion Validating  - Using null ",
                  "timedOut": null,
                  "duration": 34,
                  "state": "passed",
                  "speed": "fast",
                  "pass": true,
                  "fail": false,
                  "pending": false,
                  "context": null,
                  "code": "cy.get('.search-calendar').eq(0).then(function (SCal_1) {\n  expect(SCal_1.innerText).to.not.be[\"null\"]; // means return no null \n  /*\n          expect(SCal_1.innerText).to.be.null  //  Return null\n       */\n});",
                  "err": {},
                  "uuid": "05085112-dffe-4e54-94db-152787c8e7f0",
                  "parentUUID": "e4278aa9-aef6-4874-a69e-d5e22f96422f",
                  "isHook": false,
                  "skipped": false
                },
                {
                  "title": "Validating  - Using undefined ",
                  "fullTitle": "Actions Validate with BDD Chai assertion Validating  - Using undefined ",
                  "timedOut": null,
                  "duration": 35,
                  "state": "passed",
                  "speed": "fast",
                  "pass": true,
                  "fail": false,
                  "pending": false,
                  "context": null,
                  "code": "cy.get('.search-calendar').eq(0).then(function (SCal_1) {\n  expect(SCal_1.innerText).to.be.undefined; // return undefined\n});",
                  "err": {},
                  "uuid": "24c5642d-76d8-4563-a96b-02656dc829dd",
                  "parentUUID": "e4278aa9-aef6-4874-a69e-d5e22f96422f",
                  "isHook": false,
                  "skipped": false
                },
                {
                  "title": "Validating  - Using  exit",
                  "fullTitle": "Actions Validate with BDD Chai assertion Validating  - Using  exit",
                  "timedOut": null,
                  "duration": 38,
                  "state": "passed",
                  "speed": "medium",
                  "pass": true,
                  "fail": false,
                  "pending": false,
                  "context": null,
                  "code": "cy.get('.search-calendar').eq(0).then(function (SCal_1) {\n  expect(SCal_1).to.exist;\n});",
                  "err": {},
                  "uuid": "ad48e857-504e-4942-8ee5-169d1bcf328c",
                  "parentUUID": "e4278aa9-aef6-4874-a69e-d5e22f96422f",
                  "isHook": false,
                  "skipped": false
                },
                {
                  "title": "Validating  - Using empty ",
                  "fullTitle": "Actions Validate with BDD Chai assertion Validating  - Using empty ",
                  "timedOut": null,
                  "duration": 34,
                  "state": "passed",
                  "speed": "fast",
                  "pass": true,
                  "fail": false,
                  "pending": false,
                  "context": null,
                  "code": "cy.get('.search-calendar').eq(0).then(function (SCal_1) {\n  expect(SCal_1).to.be.empty; // expect(SCal_1).to.not.be.empty   // for not empty\n});",
                  "err": {},
                  "uuid": "8ddadc09-9812-4e9a-a992-b6ffa895807d",
                  "parentUUID": "e4278aa9-aef6-4874-a69e-d5e22f96422f",
                  "isHook": false,
                  "skipped": false
                },
                {
                  "title": "Validating  - Using arguments (NOT DONE) ",
                  "fullTitle": "Actions Validate with BDD Chai assertion Validating  - Using arguments (NOT DONE) ",
                  "timedOut": null,
                  "duration": 15,
                  "state": "passed",
                  "speed": "fast",
                  "pass": true,
                  "fail": false,
                  "pending": false,
                  "context": null,
                  "code": "",
                  "err": {},
                  "uuid": "764e3296-282e-4748-a880-388e25ab2336",
                  "parentUUID": "e4278aa9-aef6-4874-a69e-d5e22f96422f",
                  "isHook": false,
                  "skipped": false
                },
                {
                  "title": "Validating all the deals on home page - Using equal ",
                  "fullTitle": "Actions Validate with BDD Chai assertion Validating all the deals on home page - Using equal ",
                  "timedOut": null,
                  "duration": 49,
                  "state": "passed",
                  "speed": "medium",
                  "pass": true,
                  "fail": false,
                  "pending": false,
                  "context": null,
                  "code": "// expect(42).to.equal(42)\ncy.get('.search-calendar').eq(0).then(function (SCal_1) {\n  cy.get('.search-calendar').eq(1).should(function (SCal_2) {\n    expect(SCal_2.innerText).to.equal(SCal_1.innerText);\n    expect(SCal_2.width).to.equal(SCal_1.width);\n  });\n});",
                  "err": {},
                  "uuid": "19390ccc-fd69-4166-b810-528cb44db72f",
                  "parentUUID": "e4278aa9-aef6-4874-a69e-d5e22f96422f",
                  "isHook": false,
                  "skipped": false
                },
                {
                  "title": "Validating length of SEARCH FLIGHT button text should be greater than 13 - Using greaterThan (Value) ",
                  "fullTitle": "Actions Validate with BDD Chai assertion Validating length of SEARCH FLIGHT button text should be greater than 13 - Using greaterThan (Value) ",
                  "timedOut": null,
                  "duration": 20,
                  "state": "passed",
                  "speed": "fast",
                  "pass": true,
                  "fail": false,
                  "pending": false,
                  "context": null,
                  "code": "// expect(10).to.be.greaterThan(5)\ncy.get('a#btn-search-flight').should(function ($li) {\n  expect($li.get(0).innerText.length).to.be.greaterThan(13);\n});",
                  "err": {},
                  "uuid": "d446a9fd-1a78-44f7-bb2c-9c8e8ce4accc",
                  "parentUUID": "e4278aa9-aef6-4874-a69e-d5e22f96422f",
                  "isHook": false,
                  "skipped": false
                },
                {
                  "title": "Validating length of SEARCH FLIGHT button text should be less than 15 - Using lessThan(value) ",
                  "fullTitle": "Actions Validate with BDD Chai assertion Validating length of SEARCH FLIGHT button text should be less than 15 - Using lessThan(value) ",
                  "timedOut": null,
                  "duration": 25,
                  "state": "passed",
                  "speed": "fast",
                  "pass": true,
                  "fail": false,
                  "pending": false,
                  "context": null,
                  "code": "//expect(5).to.be.lessThan(10)\ncy.get('a#btn-search-flight').should(function ($li) {\n  expect($li.get(0).innerText.length).to.be.lessThan(15);\n});",
                  "err": {},
                  "uuid": "6cb805af-7ff9-4e9e-9aa7-775bdbdf1a21",
                  "parentUUID": "e4278aa9-aef6-4874-a69e-d5e22f96422f",
                  "isHook": false,
                  "skipped": false
                },
                {
                  "title": "Validating length of SEARCH FLIGHT button text should be at least 14 - Using least ",
                  "fullTitle": "Actions Validate with BDD Chai assertion Validating length of SEARCH FLIGHT button text should be at least 14 - Using least ",
                  "timedOut": null,
                  "duration": 29,
                  "state": "passed",
                  "speed": "fast",
                  "pass": true,
                  "fail": false,
                  "pending": false,
                  "context": null,
                  "code": "//expect(10).to.be.at.least(10)\ncy.get('a#btn-search-flight').should(function ($li) {\n  expect($li.get(0).innerText.length).to.be.at.least(14);\n});",
                  "err": {},
                  "uuid": "322460e8-2daf-4b77-9342-11918edaf9e1",
                  "parentUUID": "e4278aa9-aef6-4874-a69e-d5e22f96422f",
                  "isHook": false,
                  "skipped": false
                },
                {
                  "title": "Validating text number of SEARCH FLIGHT button should be at most 14 - Using most ",
                  "fullTitle": "Actions Validate with BDD Chai assertion Validating text number of SEARCH FLIGHT button should be at most 14 - Using most ",
                  "timedOut": null,
                  "duration": 25,
                  "state": "passed",
                  "speed": "fast",
                  "pass": true,
                  "fail": false,
                  "pending": false,
                  "context": null,
                  "code": "// expect('test').to.have.length.of.at.most(4)\ncy.get('a#btn-search-flight').should(function ($li) {\n  expect($li.get(0).innerText).to.have.length.of.at.most(14);\n});",
                  "err": {},
                  "uuid": "eaa74b91-e96e-48dd-a476-1f56a10aabb0",
                  "parentUUID": "e4278aa9-aef6-4874-a69e-d5e22f96422f",
                  "isHook": false,
                  "skipped": false
                },
                {
                  "title": "Validating length of SEARCH FLIGHT button text should be within 13 and 15  - Using whithin (start, finish)",
                  "fullTitle": "Actions Validate with BDD Chai assertion Validating length of SEARCH FLIGHT button text should be within 13 and 15  - Using whithin (start, finish)",
                  "timedOut": null,
                  "duration": 24,
                  "state": "passed",
                  "speed": "fast",
                  "pass": true,
                  "fail": false,
                  "pending": false,
                  "context": null,
                  "code": "// expect(7).to.be.within(5,10)\ncy.get('a#btn-search-flight').should(function ($li) {\n  expect($li.get(0).innerText.length).to.be.within(13, 15);\n});",
                  "err": {},
                  "uuid": "ad04cb78-c789-47e2-a0c3-20c2e236f3e2",
                  "parentUUID": "e4278aa9-aef6-4874-a69e-d5e22f96422f",
                  "isHook": false,
                  "skipped": false
                },
                {
                  "title": "Validating all the deals on home page - Using instanceOf(constructor) (NOT DONE) ",
                  "fullTitle": "Actions Validate with BDD Chai assertion Validating all the deals on home page - Using instanceOf(constructor) (NOT DONE) ",
                  "timedOut": null,
                  "duration": 15,
                  "state": "passed",
                  "speed": "fast",
                  "pass": true,
                  "fail": false,
                  "pending": false,
                  "context": null,
                  "code": "// expect([1, 2, 3]).to.be.instanceOf(Array)",
                  "err": {},
                  "uuid": "679a27d1-34a0-4347-92b8-78c70a77135b",
                  "parentUUID": "e4278aa9-aef6-4874-a69e-d5e22f96422f",
                  "isHook": false,
                  "skipped": false
                },
                {
                  "title": "Validating  - Using property(name, [value]) (NOT DONE)",
                  "fullTitle": "Actions Validate with BDD Chai assertion Validating  - Using property(name, [value]) (NOT DONE)",
                  "timedOut": null,
                  "duration": 19,
                  "state": "passed",
                  "speed": "fast",
                  "pass": true,
                  "fail": false,
                  "pending": false,
                  "context": null,
                  "code": "//expect(obj).to.have.property('name')",
                  "err": {},
                  "uuid": "d5216135-7ae5-4076-b473-f2df95dd7be0",
                  "parentUUID": "e4278aa9-aef6-4874-a69e-d5e22f96422f",
                  "isHook": false,
                  "skipped": false
                },
                {
                  "title": "Validating - Using deep.property(name, [value]) (NOT DONE) ",
                  "fullTitle": "Actions Validate with BDD Chai assertion Validating - Using deep.property(name, [value]) (NOT DONE) ",
                  "timedOut": null,
                  "duration": 17,
                  "state": "passed",
                  "speed": "fast",
                  "pass": true,
                  "fail": false,
                  "pending": false,
                  "context": null,
                  "code": "// expect(deepObj).to.have.deep.property('tests[1]', 'e2e')",
                  "err": {},
                  "uuid": "c9d795ca-c18b-4e46-bafb-f562c0b4b414",
                  "parentUUID": "e4278aa9-aef6-4874-a69e-d5e22f96422f",
                  "isHook": false,
                  "skipped": false
                },
                {
                  "title": "Validating - Using ownProperty(name) (NOT DONE)",
                  "fullTitle": "Actions Validate with BDD Chai assertion Validating - Using ownProperty(name) (NOT DONE)",
                  "timedOut": null,
                  "duration": 12,
                  "state": "passed",
                  "speed": "fast",
                  "pass": true,
                  "fail": false,
                  "pending": false,
                  "context": null,
                  "code": "//expect('test').to.have.ownProperty('length')",
                  "err": {},
                  "uuid": "1b00f97b-cc3e-4d4d-8ef9-9a8b3d0df75a",
                  "parentUUID": "e4278aa9-aef6-4874-a69e-d5e22f96422f",
                  "isHook": false,
                  "skipped": false
                },
                {
                  "title": "Validating  - Using ownPropertyDescriptor(name) (NOT DONE)",
                  "fullTitle": "Actions Validate with BDD Chai assertion Validating  - Using ownPropertyDescriptor(name) (NOT DONE)",
                  "timedOut": null,
                  "duration": 17,
                  "state": "passed",
                  "speed": "fast",
                  "pass": true,
                  "fail": false,
                  "pending": false,
                  "context": null,
                  "code": "//expect({a: 1}).to.have.ownPropertyDescriptor('a')",
                  "err": {},
                  "uuid": "9e4ba916-dcaf-4559-8e6c-83a82ee46fa1",
                  "parentUUID": "e4278aa9-aef6-4874-a69e-d5e22f96422f",
                  "isHook": false,
                  "skipped": false
                },
                {
                  "title": "Validating length of SEARCH FLIGHT text - Using lengthOf(value) ",
                  "fullTitle": "Actions Validate with BDD Chai assertion Validating length of SEARCH FLIGHT text - Using lengthOf(value) ",
                  "timedOut": null,
                  "duration": 28,
                  "state": "passed",
                  "speed": "fast",
                  "pass": true,
                  "fail": false,
                  "pending": false,
                  "context": null,
                  "code": "//expect('test').to.have.lengthOf(3)\ncy.get('a#btn-search-flight').should(function ($li) {\n  expect($li.get(0).innerText).to.have.lengthOf(14);\n});",
                  "err": {},
                  "uuid": "7d11c503-04b4-44ff-928f-5c8f0ad92857",
                  "parentUUID": "e4278aa9-aef6-4874-a69e-d5e22f96422f",
                  "isHook": false,
                  "skipped": false
                },
                {
                  "title": "Validating  - Using match(RegExp) (NOT DONE) ",
                  "fullTitle": "Actions Validate with BDD Chai assertion Validating  - Using match(RegExp) (NOT DONE) ",
                  "timedOut": null,
                  "duration": 11,
                  "state": "passed",
                  "speed": "fast",
                  "pass": true,
                  "fail": false,
                  "pending": false,
                  "context": null,
                  "code": "// expect('testing').to.match(/^test/)",
                  "err": {},
                  "uuid": "cbc568f4-0fa0-4d22-85c2-800576d7cae6",
                  "parentUUID": "e4278aa9-aef6-4874-a69e-d5e22f96422f",
                  "isHook": false,
                  "skipped": false
                },
                {
                  "title": "Validating SEARCH FLIGHT buutton has string SEARCH - Using string(string) ",
                  "fullTitle": "Actions Validate with BDD Chai assertion Validating SEARCH FLIGHT buutton has string SEARCH - Using string(string) ",
                  "timedOut": null,
                  "duration": 25,
                  "state": "passed",
                  "speed": "fast",
                  "pass": true,
                  "fail": false,
                  "pending": false,
                  "context": null,
                  "code": "// expect('testing').to.have.string('test')\ncy.get('a#btn-search-flight').should(function ($li) {\n  expect($li.get(0).innerText).to.have.string('SEARCH');\n});",
                  "err": {},
                  "uuid": "d9387d8e-614b-4713-8876-6cd9b1c679cc",
                  "parentUUID": "e4278aa9-aef6-4874-a69e-d5e22f96422f",
                  "isHook": false,
                  "skipped": false
                },
                {
                  "title": "Validating  - Using key(key1, [key2], […]) (NOT DONE) ",
                  "fullTitle": "Actions Validate with BDD Chai assertion Validating  - Using key(key1, [key2], […]) (NOT DONE) ",
                  "timedOut": null,
                  "duration": 16,
                  "state": "passed",
                  "speed": "fast",
                  "pass": true,
                  "fail": false,
                  "pending": false,
                  "context": null,
                  "code": "// expect({ pass: 1, fail: 2 }).to.have.key('pass')",
                  "err": {},
                  "uuid": "19651d83-8b0d-42b8-9422-deee249244fa",
                  "parentUUID": "e4278aa9-aef6-4874-a69e-d5e22f96422f",
                  "isHook": false,
                  "skipped": false
                },
                {
                  "title": "Validating  - Using throw(constructor) (NOT DONE) ",
                  "fullTitle": "Actions Validate with BDD Chai assertion Validating  - Using throw(constructor) (NOT DONE) ",
                  "timedOut": null,
                  "duration": 14,
                  "state": "passed",
                  "speed": "fast",
                  "pass": true,
                  "fail": false,
                  "pending": false,
                  "context": null,
                  "code": "// expect(fn).to.throw(Error)",
                  "err": {},
                  "uuid": "e7a307e7-755e-412d-9a0d-64099dd1df04",
                  "parentUUID": "e4278aa9-aef6-4874-a69e-d5e22f96422f",
                  "isHook": false,
                  "skipped": false
                },
                {
                  "title": "Validating  - Using  respondTo(method)(NOT DONE) ",
                  "fullTitle": "Actions Validate with BDD Chai assertion Validating  - Using  respondTo(method)(NOT DONE) ",
                  "timedOut": null,
                  "duration": 13,
                  "state": "passed",
                  "speed": "fast",
                  "pass": true,
                  "fail": false,
                  "pending": false,
                  "context": null,
                  "code": "// expect(obj).to.respondTo('getName')",
                  "err": {},
                  "uuid": "28f8a76f-53ed-410e-83b6-165a502782ae",
                  "parentUUID": "e4278aa9-aef6-4874-a69e-d5e22f96422f",
                  "isHook": false,
                  "skipped": false
                },
                {
                  "title": "Validating  - Using itself (NOT DONE)",
                  "fullTitle": "Actions Validate with BDD Chai assertion Validating  - Using itself (NOT DONE)",
                  "timedOut": null,
                  "duration": 15,
                  "state": "passed",
                  "speed": "fast",
                  "pass": true,
                  "fail": false,
                  "pending": false,
                  "context": null,
                  "code": "// expect(Foo).itself.to.respondTo('bar')",
                  "err": {},
                  "uuid": "46e520cf-af8c-4103-98f9-61ded43e3985",
                  "parentUUID": "e4278aa9-aef6-4874-a69e-d5e22f96422f",
                  "isHook": false,
                  "skipped": false
                },
                {
                  "title": "Validating  - Using satisfy(method) (NOT DONE) ",
                  "fullTitle": "Actions Validate with BDD Chai assertion Validating  - Using satisfy(method) (NOT DONE) ",
                  "timedOut": null,
                  "duration": 17,
                  "state": "passed",
                  "speed": "fast",
                  "pass": true,
                  "fail": false,
                  "pending": false,
                  "context": null,
                  "code": "// expect(1).to.satisfy((num) => { return num > 0 })",
                  "err": {},
                  "uuid": "8d883cb0-c253-4292-9e48-df92ec902675",
                  "parentUUID": "e4278aa9-aef6-4874-a69e-d5e22f96422f",
                  "isHook": false,
                  "skipped": false
                },
                {
                  "title": "Validating  - Using closeTo(expected, delta) ",
                  "fullTitle": "Actions Validate with BDD Chai assertion Validating  - Using closeTo(expected, delta) ",
                  "timedOut": null,
                  "duration": 23,
                  "state": "passed",
                  "speed": "fast",
                  "pass": true,
                  "fail": false,
                  "pending": false,
                  "context": null,
                  "code": "// expect(1.5).to.be.closeTo(1, 0.5)\ncy.get('a#btn-search-flight').should(function ($li) {\n  expect($li.get(0).innerText.length).to.be.closeTo(14, 1);\n});",
                  "err": {},
                  "uuid": "5f4a390f-741a-432b-b21c-d339ee07e3c1",
                  "parentUUID": "e4278aa9-aef6-4874-a69e-d5e22f96422f",
                  "isHook": false,
                  "skipped": false
                },
                {
                  "title": "Validating  - Using members(set) (NOT DONE) ",
                  "fullTitle": "Actions Validate with BDD Chai assertion Validating  - Using members(set) (NOT DONE) ",
                  "timedOut": null,
                  "duration": 11,
                  "state": "passed",
                  "speed": "fast",
                  "pass": true,
                  "fail": false,
                  "pending": false,
                  "context": null,
                  "code": "// expect([1, 2, 3]).to.include.members([3, 2])",
                  "err": {},
                  "uuid": "069e39f4-3d10-4c68-8a2b-a559695defe9",
                  "parentUUID": "e4278aa9-aef6-4874-a69e-d5e22f96422f",
                  "isHook": false,
                  "skipped": false
                },
                {
                  "title": "Validating  - Using oneOf(values) ",
                  "fullTitle": "Actions Validate with BDD Chai assertion Validating  - Using oneOf(values) ",
                  "timedOut": null,
                  "duration": 24,
                  "state": "passed",
                  "speed": "fast",
                  "pass": true,
                  "fail": false,
                  "pending": false,
                  "context": null,
                  "code": "// expect(2).to.be.oneOf([1,2,3])\ncy.get('a#btn-search-flight').should(function ($li) {\n  expect($li.get(0).innerText.length).to.be.oneOf([12, 13, 14]);\n});",
                  "err": {},
                  "uuid": "4878be12-5cc6-4919-b183-e5a3e932911b",
                  "parentUUID": "e4278aa9-aef6-4874-a69e-d5e22f96422f",
                  "isHook": false,
                  "skipped": false
                },
                {
                  "title": "Validating  - Using change(function) (NOT DONE)  ",
                  "fullTitle": "Actions Validate with BDD Chai assertion Validating  - Using change(function) (NOT DONE)  ",
                  "timedOut": null,
                  "duration": 16,
                  "state": "passed",
                  "speed": "fast",
                  "pass": true,
                  "fail": false,
                  "pending": false,
                  "context": null,
                  "code": "// expect(fn).to.change(obj, 'val')",
                  "err": {},
                  "uuid": "8c0bbb29-3977-40a8-9f69-9d701617b66f",
                  "parentUUID": "e4278aa9-aef6-4874-a69e-d5e22f96422f",
                  "isHook": false,
                  "skipped": false
                },
                {
                  "title": "Validating  - Using increase(function) (NOT DONE)  ",
                  "fullTitle": "Actions Validate with BDD Chai assertion Validating  - Using increase(function) (NOT DONE)  ",
                  "timedOut": null,
                  "duration": 15,
                  "state": "passed",
                  "speed": "fast",
                  "pass": true,
                  "fail": false,
                  "pending": false,
                  "context": null,
                  "code": "// expect(fn).to.increase(obj, 'val')",
                  "err": {},
                  "uuid": "875723e9-1580-4157-8d9b-448ccb49597f",
                  "parentUUID": "e4278aa9-aef6-4874-a69e-d5e22f96422f",
                  "isHook": false,
                  "skipped": false
                },
                {
                  "title": "Validating  - Using decrease(function) (NOT DONE)  ",
                  "fullTitle": "Actions Validate with BDD Chai assertion Validating  - Using decrease(function) (NOT DONE)  ",
                  "timedOut": null,
                  "duration": 12,
                  "state": "passed",
                  "speed": "fast",
                  "pass": true,
                  "fail": false,
                  "pending": false,
                  "context": null,
                  "code": "//  expect(fn).to.decrease(obj, 'val')",
                  "err": {},
                  "uuid": "cd701809-0656-4523-9365-b4b7c9da76f5",
                  "parentUUID": "e4278aa9-aef6-4874-a69e-d5e22f96422f",
                  "isHook": false,
                  "skipped": false
                }
              ],
              "suites": [],
              "passes": [
                "5e752447-0ac4-4e2d-bfda-0f3cfd11c1f5",
                "57dffa5c-44db-4aae-b742-d005fd997c42",
                "0f4b658b-e50a-494e-bdae-0fba31284cd8",
                "4680d623-ecb2-4bda-9052-3115203f9830",
                "1c827763-50eb-492b-b20e-a130de35519f",
                "43047941-79be-4121-ae04-caf7f8cbd3dd",
                "c3c8a1ea-05b9-4c99-9bce-a43162017286",
                "759765c6-5c2d-4992-af20-5d827e419734",
                "5ef1e505-a8b3-4ec6-ae54-a497483b4c0f",
                "5194abe4-0d7a-49c9-b815-16778afd359a",
                "89ccd4e7-c931-4dac-8265-cea80d24a16f",
                "05085112-dffe-4e54-94db-152787c8e7f0",
                "24c5642d-76d8-4563-a96b-02656dc829dd",
                "ad48e857-504e-4942-8ee5-169d1bcf328c",
                "8ddadc09-9812-4e9a-a992-b6ffa895807d",
                "764e3296-282e-4748-a880-388e25ab2336",
                "19390ccc-fd69-4166-b810-528cb44db72f",
                "d446a9fd-1a78-44f7-bb2c-9c8e8ce4accc",
                "6cb805af-7ff9-4e9e-9aa7-775bdbdf1a21",
                "322460e8-2daf-4b77-9342-11918edaf9e1",
                "eaa74b91-e96e-48dd-a476-1f56a10aabb0",
                "ad04cb78-c789-47e2-a0c3-20c2e236f3e2",
                "679a27d1-34a0-4347-92b8-78c70a77135b",
                "d5216135-7ae5-4076-b473-f2df95dd7be0",
                "c9d795ca-c18b-4e46-bafb-f562c0b4b414",
                "1b00f97b-cc3e-4d4d-8ef9-9a8b3d0df75a",
                "9e4ba916-dcaf-4559-8e6c-83a82ee46fa1",
                "7d11c503-04b4-44ff-928f-5c8f0ad92857",
                "cbc568f4-0fa0-4d22-85c2-800576d7cae6",
                "d9387d8e-614b-4713-8876-6cd9b1c679cc",
                "19651d83-8b0d-42b8-9422-deee249244fa",
                "e7a307e7-755e-412d-9a0d-64099dd1df04",
                "28f8a76f-53ed-410e-83b6-165a502782ae",
                "46e520cf-af8c-4103-98f9-61ded43e3985",
                "8d883cb0-c253-4292-9e48-df92ec902675",
                "5f4a390f-741a-432b-b21c-d339ee07e3c1",
                "069e39f4-3d10-4c68-8a2b-a559695defe9",
                "4878be12-5cc6-4919-b183-e5a3e932911b",
                "8c0bbb29-3977-40a8-9f69-9d701617b66f",
                "875723e9-1580-4157-8d9b-448ccb49597f",
                "cd701809-0656-4523-9365-b4b7c9da76f5"
              ],
              "failures": [],
              "pending": [],
              "skipped": [],
              "duration": 3663,
              "root": false,
              "rootEmpty": false,
              "_timeout": 2000
            }
          ],
          "passes": [],
          "failures": [],
          "pending": [],
          "skipped": [],
          "duration": 0,
          "root": false,
          "rootEmpty": false,
          "_timeout": 2000
        }
      ],
      "passes": [],
      "failures": [],
      "pending": [],
      "skipped": [],
      "duration": 0,
      "root": true,
      "rootEmpty": true,
      "_timeout": 2000
    }
  ],
  "meta": {
    "mocha": {
      "version": "7.0.1"
    },
    "mochawesome": {
      "options": {
        "quiet": false,
        "reportFilename": "mochawesome",
        "saveHtml": false,
        "saveJson": true,
        "consoleReporter": "spec",
        "useInlineDiffs": false,
        "code": true
      },
      "version": "6.1.1"
    },
    "marge": {
      "options": {
        "id": "default",
        "reportDir": "cypress/reports/mocha",
        "quite": true,
        "overwrite": false,
        "html": false,
        "json": true
      },
      "version": "5.1.0"
    }
  }
}