{
  "stats": {
    "suites": 2,
    "tests": 3,
    "passes": 3,
    "pending": 0,
    "failures": 0,
    "start": "2020-08-04T22:56:21.120Z",
    "end": "2020-08-04T22:56:30.747Z",
    "duration": 9627,
    "testsRegistered": 3,
    "passPercent": 100,
    "pendingPercent": 0,
    "other": 0,
    "hasOther": false,
    "skipped": 0,
    "hasSkipped": false
  },
  "results": [
    {
      "uuid": "d31958e8-0f9c-42d0-bf4d-eeb6674b31bc",
      "title": "",
      "fullFile": "cypress/integration/Autolearning/Other/environmentVariable.js",
      "file": "cypress/integration/Autolearning/Other/environmentVariable.js",
      "beforeHooks": [],
      "afterHooks": [],
      "tests": [],
      "suites": [
        {
          "uuid": "39c1746e-207e-4666-b302-942a32a26e44",
          "title": "Actions",
          "fullFile": "",
          "file": "",
          "beforeHooks": [],
          "afterHooks": [],
          "tests": [],
          "suites": [
            {
              "uuid": "9341457c-aa32-416e-be61-b6f01d8356a1",
              "title": "Validate using environment variable ",
              "fullFile": "",
              "file": "",
              "beforeHooks": [],
              "afterHooks": [],
              "tests": [
                {
                  "title": "Requeust a URL using cypress.json",
                  "fullTitle": "Actions Validate using environment variable  Requeust a URL using cypress.json",
                  "timedOut": null,
                  "duration": 1003,
                  "state": "passed",
                  "speed": "slow",
                  "pass": true,
                  "fail": false,
                  "pending": false,
                  "context": null,
                  "code": "cy.visit(Cypress.env('QA'));",
                  "err": {},
                  "uuid": "fcf1580b-c8fa-4eda-a82f-7fcf3d033d99",
                  "parentUUID": "9341457c-aa32-416e-be61-b6f01d8356a1",
                  "isHook": false,
                  "skipped": false
                },
                {
                  "title": "Requeust a URL using cypress.json",
                  "fullTitle": "Actions Validate using environment variable  Requeust a URL using cypress.json",
                  "timedOut": null,
                  "duration": 3493,
                  "state": "passed",
                  "speed": "slow",
                  "pass": true,
                  "fail": false,
                  "pending": false,
                  "context": null,
                  "code": "cy.visit(Cypress.env('Staging'));",
                  "err": {},
                  "uuid": "71c79849-d596-4d5d-b403-092de55e6b4a",
                  "parentUUID": "9341457c-aa32-416e-be61-b6f01d8356a1",
                  "isHook": false,
                  "skipped": false
                },
                {
                  "title": "Requeust a URL using cypress.json",
                  "fullTitle": "Actions Validate using environment variable  Requeust a URL using cypress.json",
                  "timedOut": null,
                  "duration": 660,
                  "state": "passed",
                  "speed": "slow",
                  "pass": true,
                  "fail": false,
                  "pending": false,
                  "context": null,
                  "code": "cy.visit(Cypress.env('Production'));",
                  "err": {},
                  "uuid": "1b64ebeb-8e7f-437b-9ca0-e3b557fc9fb9",
                  "parentUUID": "9341457c-aa32-416e-be61-b6f01d8356a1",
                  "isHook": false,
                  "skipped": false
                }
              ],
              "suites": [],
              "passes": [
                "fcf1580b-c8fa-4eda-a82f-7fcf3d033d99",
                "71c79849-d596-4d5d-b403-092de55e6b4a",
                "1b64ebeb-8e7f-437b-9ca0-e3b557fc9fb9"
              ],
              "failures": [],
              "pending": [],
              "skipped": [],
              "duration": 5156,
              "root": false,
              "rootEmpty": false,
              "_timeout": 2000
            }
          ],
          "passes": [],
          "failures": [],
          "pending": [],
          "skipped": [],
          "duration": 0,
          "root": false,
          "rootEmpty": false,
          "_timeout": 2000
        }
      ],
      "passes": [],
      "failures": [],
      "pending": [],
      "skipped": [],
      "duration": 0,
      "root": true,
      "rootEmpty": true,
      "_timeout": 2000
    }
  ],
  "meta": {
    "mocha": {
      "version": "7.0.1"
    },
    "mochawesome": {
      "options": {
        "quiet": false,
        "reportFilename": "mochawesome",
        "saveHtml": false,
        "saveJson": true,
        "consoleReporter": "spec",
        "useInlineDiffs": false,
        "code": true
      },
      "version": "6.1.1"
    },
    "marge": {
      "options": {
        "id": "default",
        "reportDir": "cypress/reports/mocha",
        "quite": true,
        "overwrite": false,
        "html": false,
        "json": true
      },
      "version": "5.1.0"
    }
  }
}