{
  "stats": {
    "suites": 1,
    "tests": 4,
    "passes": 4,
    "pending": 0,
    "failures": 0,
    "start": "2020-08-04T22:57:32.388Z",
    "end": "2020-08-04T22:57:34.591Z",
    "duration": 2203,
    "testsRegistered": 4,
    "passPercent": 100,
    "pendingPercent": 0,
    "other": 0,
    "hasOther": false,
    "skipped": 0,
    "hasSkipped": false
  },
  "results": [
    {
      "uuid": "7f895677-7969-4804-a617-b8597fc8d9e1",
      "title": "",
      "fullFile": "cypress/integration/examples/files.spec.js",
      "file": "cypress/integration/examples/files.spec.js",
      "beforeHooks": [],
      "afterHooks": [],
      "tests": [],
      "suites": [
        {
          "uuid": "def87009-e9d9-404c-8d30-f6ae6f7f58a3",
          "title": "Files",
          "fullFile": "",
          "file": "",
          "beforeHooks": [],
          "afterHooks": [],
          "tests": [
            {
              "title": "cy.fixture() - load a fixture",
              "fullTitle": "Files cy.fixture() - load a fixture",
              "timedOut": null,
              "duration": 616,
              "state": "passed",
              "speed": "slow",
              "pass": true,
              "fail": false,
              "pending": false,
              "context": null,
              "code": "// https://on.cypress.io/fixture\n// Instead of writing a response inline you can\n// use a fixture file's content.\ncy.server();\ncy.fixture('example.json').as('comment'); // when application makes an Ajax request matching \"GET comments/*\"\n// Cypress will intercept it and reply with object\n// from the \"comment\" alias\ncy.route('GET', 'comments/*', '@comment').as('getComment'); // we have code that gets a comment when\n// the button is clicked in scripts.js\ncy.get('.fixture-btn').click();\ncy.wait('@getComment').its('responseBody').should('have.property', 'name').and('include', 'Using fixtures to represent data'); // you can also just write the fixture in the route\ncy.route('GET', 'comments/*', 'fixture:example.json').as('getComment'); // we have code that gets a comment when\n// the button is clicked in scripts.js\ncy.get('.fixture-btn').click();\ncy.wait('@getComment').its('responseBody').should('have.property', 'name').and('include', 'Using fixtures to represent data'); // or write fx to represent fixture\n// by default it assumes it's .json\ncy.route('GET', 'comments/*', 'fx:example').as('getComment'); // we have code that gets a comment when\n// the button is clicked in scripts.js\ncy.get('.fixture-btn').click();\ncy.wait('@getComment').its('responseBody').should('have.property', 'name').and('include', 'Using fixtures to represent data');",
              "err": {},
              "uuid": "fbbecd07-1f69-41fd-ba01-942bc0dad898",
              "parentUUID": "def87009-e9d9-404c-8d30-f6ae6f7f58a3",
              "isHook": false,
              "skipped": false
            },
            {
              "title": "cy.fixture() or require - load a fixture",
              "fullTitle": "Files cy.fixture() or require - load a fixture",
              "timedOut": null,
              "duration": 151,
              "state": "passed",
              "speed": "slow",
              "pass": true,
              "fail": false,
              "pending": false,
              "context": null,
              "code": "// we are inside the \"function () { ... }\"\n// callback and can use test context object \"this\"\n// \"this.example\" was loaded in \"beforeEach\" function callback\nexpect(this.example, 'fixture in the test context').to.deep.equal(requiredExample); // or use \"cy.wrap\" and \"should('deep.equal', ...)\" assertion\n// @ts-ignore\ncy.wrap(this.example, 'fixture vs require').should('deep.equal', requiredExample);",
              "err": {},
              "uuid": "c0660275-8657-49c1-bee7-4a6f26b1e3b3",
              "parentUUID": "def87009-e9d9-404c-8d30-f6ae6f7f58a3",
              "isHook": false,
              "skipped": false
            },
            {
              "title": "cy.readFile() - read file contents",
              "fullTitle": "Files cy.readFile() - read file contents",
              "timedOut": null,
              "duration": 131,
              "state": "passed",
              "speed": "slow",
              "pass": true,
              "fail": false,
              "pending": false,
              "context": null,
              "code": "// https://on.cypress.io/readfile\n// You can read a file and yield its contents\n// The filePath is relative to your project's root.\ncy.readFile('cypress.json').then(function (json) {\n  expect(json).to.be.an('object');\n});",
              "err": {},
              "uuid": "666628fa-fc68-4f61-8c2a-a626a687fb1e",
              "parentUUID": "def87009-e9d9-404c-8d30-f6ae6f7f58a3",
              "isHook": false,
              "skipped": false
            },
            {
              "title": "cy.writeFile() - write to a file",
              "fullTitle": "Files cy.writeFile() - write to a file",
              "timedOut": null,
              "duration": 347,
              "state": "passed",
              "speed": "slow",
              "pass": true,
              "fail": false,
              "pending": false,
              "context": null,
              "code": "// https://on.cypress.io/writefile\n// You can write to a file\n// Use a response from a request to automatically\n// generate a fixture file for use later\ncy.request('https://jsonplaceholder.cypress.io/users').then(function (response) {\n  cy.writeFile('cypress/fixtures/users.json', response.body);\n});\ncy.fixture('users').should(function (users) {\n  expect(users[0].name).to.exist;\n}); // JavaScript arrays and objects are stringified\n// and formatted into text.\ncy.writeFile('cypress/fixtures/profile.json', {\n  id: 8739,\n  name: 'Jane',\n  email: 'jane@example.com'\n});\ncy.fixture('profile').should(function (profile) {\n  expect(profile.name).to.eq('Jane');\n});",
              "err": {},
              "uuid": "3d4e61fd-4988-4ca8-ad94-f3945617eeee",
              "parentUUID": "def87009-e9d9-404c-8d30-f6ae6f7f58a3",
              "isHook": false,
              "skipped": false
            }
          ],
          "suites": [],
          "passes": [
            "fbbecd07-1f69-41fd-ba01-942bc0dad898",
            "c0660275-8657-49c1-bee7-4a6f26b1e3b3",
            "666628fa-fc68-4f61-8c2a-a626a687fb1e",
            "3d4e61fd-4988-4ca8-ad94-f3945617eeee"
          ],
          "failures": [],
          "pending": [],
          "skipped": [],
          "duration": 1245,
          "root": false,
          "rootEmpty": false,
          "_timeout": 2000
        }
      ],
      "passes": [],
      "failures": [],
      "pending": [],
      "skipped": [],
      "duration": 0,
      "root": true,
      "rootEmpty": true,
      "_timeout": 2000
    }
  ],
  "meta": {
    "mocha": {
      "version": "7.0.1"
    },
    "mochawesome": {
      "options": {
        "quiet": false,
        "reportFilename": "mochawesome",
        "saveHtml": false,
        "saveJson": true,
        "consoleReporter": "spec",
        "useInlineDiffs": false,
        "code": true
      },
      "version": "6.1.1"
    },
    "marge": {
      "options": {
        "id": "default",
        "reportDir": "cypress/reports/mocha",
        "quite": true,
        "overwrite": false,
        "html": false,
        "json": true
      },
      "version": "5.1.0"
    }
  }
}