{
  "stats": {
    "suites": 27,
    "tests": 187,
    "passes": 182,
    "pending": 0,
    "failures": 5,
    "start": "2020-08-04T22:59:01.581Z",
    "end": "2020-08-04T22:59:01.581Z",
    "duration": 108818,
    "testsRegistered": 187,
    "passPercent": 97.32620320855615,
    "pendingPercent": 0,
    "other": 0,
    "hasOther": false,
    "skipped": 0,
    "hasSkipped": false
  },
  "results": [
    {
      "uuid": "94dd4310-346d-4da1-a6a5-94ec52e792a0",
      "title": "",
      "fullFile": "cypress/integration/Autolearning/Assertions/bddChaiAssertion.js",
      "file": "cypress/integration/Autolearning/Assertions/bddChaiAssertion.js",
      "beforeHooks": [],
      "afterHooks": [],
      "tests": [],
      "suites": [
        {
          "uuid": "aafd6b11-b69d-48d3-8ec6-bbf8244140c1",
          "title": "Actions",
          "fullFile": "",
          "file": "",
          "beforeHooks": [],
          "afterHooks": [],
          "tests": [],
          "suites": [
            {
              "uuid": "e4278aa9-aef6-4874-a69e-d5e22f96422f",
              "title": "Validate with BDD Chai assertion",
              "fullFile": "",
              "file": "",
              "beforeHooks": [],
              "afterHooks": [],
              "tests": [
                {
                  "title": "Validating SEARCH FLIGHTS button text - Using to.equal and not.equal",
                  "fullTitle": "Actions Validate with BDD Chai assertion Validating SEARCH FLIGHTS button text - Using to.equal and not.equal",
                  "timedOut": null,
                  "duration": 2496,
                  "state": "passed",
                  "speed": "slow",
                  "pass": true,
                  "fail": false,
                  "pending": false,
                  "context": null,
                  "code": "/*\nexpect(function () {}).to.not.throw();\nexpect({a: 1}).to.not.have.property('b');\nexpect([1, 2]).to.be.an('array').that.does.not.include(3);\n */\ncy.get('a#btn-search-flight').should(function ($li) {\n  expect($li.get(0).innerText).to.equal('SEARCH FLIGHTS');\n});\ncy.get('a#btn-search-flight').should(function ($li) {\n  expect($li.get(0).innerText).to.not.equal('SEARCH CITY');\n});",
                  "err": {},
                  "uuid": "5e752447-0ac4-4e2d-bfda-0f3cfd11c1f5",
                  "parentUUID": "e4278aa9-aef6-4874-a69e-d5e22f96422f",
                  "isHook": false,
                  "skipped": false
                },
                {
                  "title": "Validating two search calendar objects inner text are same - using deep eql",
                  "fullTitle": "Actions Validate with BDD Chai assertion Validating two search calendar objects inner text are same - using deep eql",
                  "timedOut": null,
                  "duration": 211,
                  "state": "passed",
                  "speed": "slow",
                  "pass": true,
                  "fail": false,
                  "pending": false,
                  "context": null,
                  "code": "//  https://github.com/chaijs/deep-eql\n/*\n        cy.get('.search-calendar')\n        .eq(0)\n        .should(($SCal1) => {\n        expect($SCal1).to.deep.equal($SCal1)\n         \n*/\ncy.get('.search-calendar').eq(0).then(function (SCal_1) {\n  cy.get('.search-calendar').eq(1).should(function (SCal_2) {\n    expect(SCal_2.innerText).to.deep.equal(SCal_1.innerText);\n    expect(SCal_2.width).to.deep.equal(SCal_1.width);\n  });\n});",
                  "err": {},
                  "uuid": "57dffa5c-44db-4aae-b742-d005fd997c42",
                  "parentUUID": "e4278aa9-aef6-4874-a69e-d5e22f96422f",
                  "isHook": false,
                  "skipped": false
                },
                {
                  "title": "Validating  - using nested (NOT DONE)",
                  "fullTitle": "Actions Validate with BDD Chai assertion Validating  - using nested (NOT DONE)",
                  "timedOut": null,
                  "duration": 72,
                  "state": "passed",
                  "speed": "medium",
                  "pass": true,
                  "fail": false,
                  "pending": false,
                  "context": null,
                  "code": "cy.get('a#btn-search-flight').should(function (li) {// expect(li.btn.inline).to.have.nested.property('li.display', 'inline-block');\n  //  expect(li.property).to.have.nested.property('ATTRIBUTE_NODE','2');\n  /*\n  const c = cy.get('body.home');\n   cy.log(c);\n   */\n});",
                  "err": {},
                  "uuid": "0f4b658b-e50a-494e-bdae-0fba31284cd8",
                  "parentUUID": "e4278aa9-aef6-4874-a69e-d5e22f96422f",
                  "isHook": false,
                  "skipped": false
                },
                {
                  "title": "Validating  - using Ordered (NOT DONE)",
                  "fullTitle": "Actions Validate with BDD Chai assertion Validating  - using Ordered (NOT DONE)",
                  "timedOut": null,
                  "duration": 12,
                  "state": "passed",
                  "speed": "fast",
                  "pass": true,
                  "fail": false,
                  "pending": false,
                  "context": null,
                  "code": "",
                  "err": {},
                  "uuid": "4680d623-ecb2-4bda-9052-3115203f9830",
                  "parentUUID": "e4278aa9-aef6-4874-a69e-d5e22f96422f",
                  "isHook": false,
                  "skipped": false
                },
                {
                  "title": "Validating - using any (NOT DONE)",
                  "fullTitle": "Actions Validate with BDD Chai assertion Validating - using any (NOT DONE)",
                  "timedOut": null,
                  "duration": 19,
                  "state": "passed",
                  "speed": "fast",
                  "pass": true,
                  "fail": false,
                  "pending": false,
                  "context": null,
                  "code": "",
                  "err": {},
                  "uuid": "1c827763-50eb-492b-b20e-a130de35519f",
                  "parentUUID": "e4278aa9-aef6-4874-a69e-d5e22f96422f",
                  "isHook": false,
                  "skipped": false
                },
                {
                  "title": "Validating  - using all (NOT DONE)",
                  "fullTitle": "Actions Validate with BDD Chai assertion Validating  - using all (NOT DONE)",
                  "timedOut": null,
                  "duration": 35,
                  "state": "passed",
                  "speed": "fast",
                  "pass": true,
                  "fail": false,
                  "pending": false,
                  "context": null,
                  "code": "",
                  "err": {},
                  "uuid": "43047941-79be-4121-ae04-caf7f8cbd3dd",
                  "parentUUID": "e4278aa9-aef6-4874-a69e-d5e22f96422f",
                  "isHook": false,
                  "skipped": false
                },
                {
                  "title": "Validating  - Using a (type) (NOT DONE)",
                  "fullTitle": "Actions Validate with BDD Chai assertion Validating  - Using a (type) (NOT DONE)",
                  "timedOut": null,
                  "duration": 18,
                  "state": "passed",
                  "speed": "fast",
                  "pass": true,
                  "fail": false,
                  "pending": false,
                  "context": null,
                  "code": "",
                  "err": {},
                  "uuid": "c3c8a1ea-05b9-4c99-9bce-a43162017286",
                  "parentUUID": "e4278aa9-aef6-4874-a69e-d5e22f96422f",
                  "isHook": false,
                  "skipped": false
                },
                {
                  "title": "Validating  - Using include (NOT DONE)",
                  "fullTitle": "Actions Validate with BDD Chai assertion Validating  - Using include (NOT DONE)",
                  "timedOut": null,
                  "duration": 24,
                  "state": "passed",
                  "speed": "fast",
                  "pass": true,
                  "fail": false,
                  "pending": false,
                  "context": null,
                  "code": "",
                  "err": {},
                  "uuid": "759765c6-5c2d-4992-af20-5d827e419734",
                  "parentUUID": "e4278aa9-aef6-4874-a69e-d5e22f96422f",
                  "isHook": false,
                  "skipped": false
                },
                {
                  "title": "Validating undefined calendar - Using ok ",
                  "fullTitle": "Actions Validate with BDD Chai assertion Validating undefined calendar - Using ok ",
                  "timedOut": null,
                  "duration": 36,
                  "state": "passed",
                  "speed": "fast",
                  "pass": true,
                  "fail": false,
                  "pending": false,
                  "context": null,
                  "code": "cy.get('.search-calendar').eq(0).then(function (SCal_1) {\n  expect(SCal_1.innerText).to.not.be.ok;\n  /*\n  Udefined can not be True or ok\n  expect(SCal_1.innerText).to.be.ok\n  */\n});",
                  "err": {},
                  "uuid": "5ef1e505-a8b3-4ec6-ae54-a497483b4c0f",
                  "parentUUID": "e4278aa9-aef6-4874-a69e-d5e22f96422f",
                  "isHook": false,
                  "skipped": false
                },
                {
                  "title": "Validating  - Using true ",
                  "fullTitle": "Actions Validate with BDD Chai assertion Validating  - Using true ",
                  "timedOut": null,
                  "duration": 55,
                  "state": "passed",
                  "speed": "medium",
                  "pass": true,
                  "fail": false,
                  "pending": false,
                  "context": null,
                  "code": "cy.get('.search-calendar').eq(0).then(function (SCal_1) {\n  expect(SCal_1.innerText).to.not.be[\"true\"]; // means return false\n});",
                  "err": {},
                  "uuid": "5194abe4-0d7a-49c9-b815-16778afd359a",
                  "parentUUID": "e4278aa9-aef6-4874-a69e-d5e22f96422f",
                  "isHook": false,
                  "skipped": false
                },
                {
                  "title": "Validating  - Using false ",
                  "fullTitle": "Actions Validate with BDD Chai assertion Validating  - Using false ",
                  "timedOut": null,
                  "duration": 37,
                  "state": "passed",
                  "speed": "fast",
                  "pass": true,
                  "fail": false,
                  "pending": false,
                  "context": null,
                  "code": "cy.get('.search-calendar').eq(0).then(function (SCal_1) {\n  expect(SCal_1.innerText).to.not.be[\"false\"]; // means return true \n});",
                  "err": {},
                  "uuid": "89ccd4e7-c931-4dac-8265-cea80d24a16f",
                  "parentUUID": "e4278aa9-aef6-4874-a69e-d5e22f96422f",
                  "isHook": false,
                  "skipped": false
                },
                {
                  "title": "Validating  - Using null ",
                  "fullTitle": "Actions Validate with BDD Chai assertion Validating  - Using null ",
                  "timedOut": null,
                  "duration": 34,
                  "state": "passed",
                  "speed": "fast",
                  "pass": true,
                  "fail": false,
                  "pending": false,
                  "context": null,
                  "code": "cy.get('.search-calendar').eq(0).then(function (SCal_1) {\n  expect(SCal_1.innerText).to.not.be[\"null\"]; // means return no null \n  /*\n          expect(SCal_1.innerText).to.be.null  //  Return null\n       */\n});",
                  "err": {},
                  "uuid": "05085112-dffe-4e54-94db-152787c8e7f0",
                  "parentUUID": "e4278aa9-aef6-4874-a69e-d5e22f96422f",
                  "isHook": false,
                  "skipped": false
                },
                {
                  "title": "Validating  - Using undefined ",
                  "fullTitle": "Actions Validate with BDD Chai assertion Validating  - Using undefined ",
                  "timedOut": null,
                  "duration": 35,
                  "state": "passed",
                  "speed": "fast",
                  "pass": true,
                  "fail": false,
                  "pending": false,
                  "context": null,
                  "code": "cy.get('.search-calendar').eq(0).then(function (SCal_1) {\n  expect(SCal_1.innerText).to.be.undefined; // return undefined\n});",
                  "err": {},
                  "uuid": "24c5642d-76d8-4563-a96b-02656dc829dd",
                  "parentUUID": "e4278aa9-aef6-4874-a69e-d5e22f96422f",
                  "isHook": false,
                  "skipped": false
                },
                {
                  "title": "Validating  - Using  exit",
                  "fullTitle": "Actions Validate with BDD Chai assertion Validating  - Using  exit",
                  "timedOut": null,
                  "duration": 38,
                  "state": "passed",
                  "speed": "medium",
                  "pass": true,
                  "fail": false,
                  "pending": false,
                  "context": null,
                  "code": "cy.get('.search-calendar').eq(0).then(function (SCal_1) {\n  expect(SCal_1).to.exist;\n});",
                  "err": {},
                  "uuid": "ad48e857-504e-4942-8ee5-169d1bcf328c",
                  "parentUUID": "e4278aa9-aef6-4874-a69e-d5e22f96422f",
                  "isHook": false,
                  "skipped": false
                },
                {
                  "title": "Validating  - Using empty ",
                  "fullTitle": "Actions Validate with BDD Chai assertion Validating  - Using empty ",
                  "timedOut": null,
                  "duration": 34,
                  "state": "passed",
                  "speed": "fast",
                  "pass": true,
                  "fail": false,
                  "pending": false,
                  "context": null,
                  "code": "cy.get('.search-calendar').eq(0).then(function (SCal_1) {\n  expect(SCal_1).to.be.empty; // expect(SCal_1).to.not.be.empty   // for not empty\n});",
                  "err": {},
                  "uuid": "8ddadc09-9812-4e9a-a992-b6ffa895807d",
                  "parentUUID": "e4278aa9-aef6-4874-a69e-d5e22f96422f",
                  "isHook": false,
                  "skipped": false
                },
                {
                  "title": "Validating  - Using arguments (NOT DONE) ",
                  "fullTitle": "Actions Validate with BDD Chai assertion Validating  - Using arguments (NOT DONE) ",
                  "timedOut": null,
                  "duration": 15,
                  "state": "passed",
                  "speed": "fast",
                  "pass": true,
                  "fail": false,
                  "pending": false,
                  "context": null,
                  "code": "",
                  "err": {},
                  "uuid": "764e3296-282e-4748-a880-388e25ab2336",
                  "parentUUID": "e4278aa9-aef6-4874-a69e-d5e22f96422f",
                  "isHook": false,
                  "skipped": false
                },
                {
                  "title": "Validating all the deals on home page - Using equal ",
                  "fullTitle": "Actions Validate with BDD Chai assertion Validating all the deals on home page - Using equal ",
                  "timedOut": null,
                  "duration": 49,
                  "state": "passed",
                  "speed": "medium",
                  "pass": true,
                  "fail": false,
                  "pending": false,
                  "context": null,
                  "code": "// expect(42).to.equal(42)\ncy.get('.search-calendar').eq(0).then(function (SCal_1) {\n  cy.get('.search-calendar').eq(1).should(function (SCal_2) {\n    expect(SCal_2.innerText).to.equal(SCal_1.innerText);\n    expect(SCal_2.width).to.equal(SCal_1.width);\n  });\n});",
                  "err": {},
                  "uuid": "19390ccc-fd69-4166-b810-528cb44db72f",
                  "parentUUID": "e4278aa9-aef6-4874-a69e-d5e22f96422f",
                  "isHook": false,
                  "skipped": false
                },
                {
                  "title": "Validating length of SEARCH FLIGHT button text should be greater than 13 - Using greaterThan (Value) ",
                  "fullTitle": "Actions Validate with BDD Chai assertion Validating length of SEARCH FLIGHT button text should be greater than 13 - Using greaterThan (Value) ",
                  "timedOut": null,
                  "duration": 20,
                  "state": "passed",
                  "speed": "fast",
                  "pass": true,
                  "fail": false,
                  "pending": false,
                  "context": null,
                  "code": "// expect(10).to.be.greaterThan(5)\ncy.get('a#btn-search-flight').should(function ($li) {\n  expect($li.get(0).innerText.length).to.be.greaterThan(13);\n});",
                  "err": {},
                  "uuid": "d446a9fd-1a78-44f7-bb2c-9c8e8ce4accc",
                  "parentUUID": "e4278aa9-aef6-4874-a69e-d5e22f96422f",
                  "isHook": false,
                  "skipped": false
                },
                {
                  "title": "Validating length of SEARCH FLIGHT button text should be less than 15 - Using lessThan(value) ",
                  "fullTitle": "Actions Validate with BDD Chai assertion Validating length of SEARCH FLIGHT button text should be less than 15 - Using lessThan(value) ",
                  "timedOut": null,
                  "duration": 25,
                  "state": "passed",
                  "speed": "fast",
                  "pass": true,
                  "fail": false,
                  "pending": false,
                  "context": null,
                  "code": "//expect(5).to.be.lessThan(10)\ncy.get('a#btn-search-flight').should(function ($li) {\n  expect($li.get(0).innerText.length).to.be.lessThan(15);\n});",
                  "err": {},
                  "uuid": "6cb805af-7ff9-4e9e-9aa7-775bdbdf1a21",
                  "parentUUID": "e4278aa9-aef6-4874-a69e-d5e22f96422f",
                  "isHook": false,
                  "skipped": false
                },
                {
                  "title": "Validating length of SEARCH FLIGHT button text should be at least 14 - Using least ",
                  "fullTitle": "Actions Validate with BDD Chai assertion Validating length of SEARCH FLIGHT button text should be at least 14 - Using least ",
                  "timedOut": null,
                  "duration": 29,
                  "state": "passed",
                  "speed": "fast",
                  "pass": true,
                  "fail": false,
                  "pending": false,
                  "context": null,
                  "code": "//expect(10).to.be.at.least(10)\ncy.get('a#btn-search-flight').should(function ($li) {\n  expect($li.get(0).innerText.length).to.be.at.least(14);\n});",
                  "err": {},
                  "uuid": "322460e8-2daf-4b77-9342-11918edaf9e1",
                  "parentUUID": "e4278aa9-aef6-4874-a69e-d5e22f96422f",
                  "isHook": false,
                  "skipped": false
                },
                {
                  "title": "Validating text number of SEARCH FLIGHT button should be at most 14 - Using most ",
                  "fullTitle": "Actions Validate with BDD Chai assertion Validating text number of SEARCH FLIGHT button should be at most 14 - Using most ",
                  "timedOut": null,
                  "duration": 25,
                  "state": "passed",
                  "speed": "fast",
                  "pass": true,
                  "fail": false,
                  "pending": false,
                  "context": null,
                  "code": "// expect('test').to.have.length.of.at.most(4)\ncy.get('a#btn-search-flight').should(function ($li) {\n  expect($li.get(0).innerText).to.have.length.of.at.most(14);\n});",
                  "err": {},
                  "uuid": "eaa74b91-e96e-48dd-a476-1f56a10aabb0",
                  "parentUUID": "e4278aa9-aef6-4874-a69e-d5e22f96422f",
                  "isHook": false,
                  "skipped": false
                },
                {
                  "title": "Validating length of SEARCH FLIGHT button text should be within 13 and 15  - Using whithin (start, finish)",
                  "fullTitle": "Actions Validate with BDD Chai assertion Validating length of SEARCH FLIGHT button text should be within 13 and 15  - Using whithin (start, finish)",
                  "timedOut": null,
                  "duration": 24,
                  "state": "passed",
                  "speed": "fast",
                  "pass": true,
                  "fail": false,
                  "pending": false,
                  "context": null,
                  "code": "// expect(7).to.be.within(5,10)\ncy.get('a#btn-search-flight').should(function ($li) {\n  expect($li.get(0).innerText.length).to.be.within(13, 15);\n});",
                  "err": {},
                  "uuid": "ad04cb78-c789-47e2-a0c3-20c2e236f3e2",
                  "parentUUID": "e4278aa9-aef6-4874-a69e-d5e22f96422f",
                  "isHook": false,
                  "skipped": false
                },
                {
                  "title": "Validating all the deals on home page - Using instanceOf(constructor) (NOT DONE) ",
                  "fullTitle": "Actions Validate with BDD Chai assertion Validating all the deals on home page - Using instanceOf(constructor) (NOT DONE) ",
                  "timedOut": null,
                  "duration": 15,
                  "state": "passed",
                  "speed": "fast",
                  "pass": true,
                  "fail": false,
                  "pending": false,
                  "context": null,
                  "code": "// expect([1, 2, 3]).to.be.instanceOf(Array)",
                  "err": {},
                  "uuid": "679a27d1-34a0-4347-92b8-78c70a77135b",
                  "parentUUID": "e4278aa9-aef6-4874-a69e-d5e22f96422f",
                  "isHook": false,
                  "skipped": false
                },
                {
                  "title": "Validating  - Using property(name, [value]) (NOT DONE)",
                  "fullTitle": "Actions Validate with BDD Chai assertion Validating  - Using property(name, [value]) (NOT DONE)",
                  "timedOut": null,
                  "duration": 19,
                  "state": "passed",
                  "speed": "fast",
                  "pass": true,
                  "fail": false,
                  "pending": false,
                  "context": null,
                  "code": "//expect(obj).to.have.property('name')",
                  "err": {},
                  "uuid": "d5216135-7ae5-4076-b473-f2df95dd7be0",
                  "parentUUID": "e4278aa9-aef6-4874-a69e-d5e22f96422f",
                  "isHook": false,
                  "skipped": false
                },
                {
                  "title": "Validating - Using deep.property(name, [value]) (NOT DONE) ",
                  "fullTitle": "Actions Validate with BDD Chai assertion Validating - Using deep.property(name, [value]) (NOT DONE) ",
                  "timedOut": null,
                  "duration": 17,
                  "state": "passed",
                  "speed": "fast",
                  "pass": true,
                  "fail": false,
                  "pending": false,
                  "context": null,
                  "code": "// expect(deepObj).to.have.deep.property('tests[1]', 'e2e')",
                  "err": {},
                  "uuid": "c9d795ca-c18b-4e46-bafb-f562c0b4b414",
                  "parentUUID": "e4278aa9-aef6-4874-a69e-d5e22f96422f",
                  "isHook": false,
                  "skipped": false
                },
                {
                  "title": "Validating - Using ownProperty(name) (NOT DONE)",
                  "fullTitle": "Actions Validate with BDD Chai assertion Validating - Using ownProperty(name) (NOT DONE)",
                  "timedOut": null,
                  "duration": 12,
                  "state": "passed",
                  "speed": "fast",
                  "pass": true,
                  "fail": false,
                  "pending": false,
                  "context": null,
                  "code": "//expect('test').to.have.ownProperty('length')",
                  "err": {},
                  "uuid": "1b00f97b-cc3e-4d4d-8ef9-9a8b3d0df75a",
                  "parentUUID": "e4278aa9-aef6-4874-a69e-d5e22f96422f",
                  "isHook": false,
                  "skipped": false
                },
                {
                  "title": "Validating  - Using ownPropertyDescriptor(name) (NOT DONE)",
                  "fullTitle": "Actions Validate with BDD Chai assertion Validating  - Using ownPropertyDescriptor(name) (NOT DONE)",
                  "timedOut": null,
                  "duration": 17,
                  "state": "passed",
                  "speed": "fast",
                  "pass": true,
                  "fail": false,
                  "pending": false,
                  "context": null,
                  "code": "//expect({a: 1}).to.have.ownPropertyDescriptor('a')",
                  "err": {},
                  "uuid": "9e4ba916-dcaf-4559-8e6c-83a82ee46fa1",
                  "parentUUID": "e4278aa9-aef6-4874-a69e-d5e22f96422f",
                  "isHook": false,
                  "skipped": false
                },
                {
                  "title": "Validating length of SEARCH FLIGHT text - Using lengthOf(value) ",
                  "fullTitle": "Actions Validate with BDD Chai assertion Validating length of SEARCH FLIGHT text - Using lengthOf(value) ",
                  "timedOut": null,
                  "duration": 28,
                  "state": "passed",
                  "speed": "fast",
                  "pass": true,
                  "fail": false,
                  "pending": false,
                  "context": null,
                  "code": "//expect('test').to.have.lengthOf(3)\ncy.get('a#btn-search-flight').should(function ($li) {\n  expect($li.get(0).innerText).to.have.lengthOf(14);\n});",
                  "err": {},
                  "uuid": "7d11c503-04b4-44ff-928f-5c8f0ad92857",
                  "parentUUID": "e4278aa9-aef6-4874-a69e-d5e22f96422f",
                  "isHook": false,
                  "skipped": false
                },
                {
                  "title": "Validating  - Using match(RegExp) (NOT DONE) ",
                  "fullTitle": "Actions Validate with BDD Chai assertion Validating  - Using match(RegExp) (NOT DONE) ",
                  "timedOut": null,
                  "duration": 11,
                  "state": "passed",
                  "speed": "fast",
                  "pass": true,
                  "fail": false,
                  "pending": false,
                  "context": null,
                  "code": "// expect('testing').to.match(/^test/)",
                  "err": {},
                  "uuid": "cbc568f4-0fa0-4d22-85c2-800576d7cae6",
                  "parentUUID": "e4278aa9-aef6-4874-a69e-d5e22f96422f",
                  "isHook": false,
                  "skipped": false
                },
                {
                  "title": "Validating SEARCH FLIGHT buutton has string SEARCH - Using string(string) ",
                  "fullTitle": "Actions Validate with BDD Chai assertion Validating SEARCH FLIGHT buutton has string SEARCH - Using string(string) ",
                  "timedOut": null,
                  "duration": 25,
                  "state": "passed",
                  "speed": "fast",
                  "pass": true,
                  "fail": false,
                  "pending": false,
                  "context": null,
                  "code": "// expect('testing').to.have.string('test')\ncy.get('a#btn-search-flight').should(function ($li) {\n  expect($li.get(0).innerText).to.have.string('SEARCH');\n});",
                  "err": {},
                  "uuid": "d9387d8e-614b-4713-8876-6cd9b1c679cc",
                  "parentUUID": "e4278aa9-aef6-4874-a69e-d5e22f96422f",
                  "isHook": false,
                  "skipped": false
                },
                {
                  "title": "Validating  - Using key(key1, [key2], […]) (NOT DONE) ",
                  "fullTitle": "Actions Validate with BDD Chai assertion Validating  - Using key(key1, [key2], […]) (NOT DONE) ",
                  "timedOut": null,
                  "duration": 16,
                  "state": "passed",
                  "speed": "fast",
                  "pass": true,
                  "fail": false,
                  "pending": false,
                  "context": null,
                  "code": "// expect({ pass: 1, fail: 2 }).to.have.key('pass')",
                  "err": {},
                  "uuid": "19651d83-8b0d-42b8-9422-deee249244fa",
                  "parentUUID": "e4278aa9-aef6-4874-a69e-d5e22f96422f",
                  "isHook": false,
                  "skipped": false
                },
                {
                  "title": "Validating  - Using throw(constructor) (NOT DONE) ",
                  "fullTitle": "Actions Validate with BDD Chai assertion Validating  - Using throw(constructor) (NOT DONE) ",
                  "timedOut": null,
                  "duration": 14,
                  "state": "passed",
                  "speed": "fast",
                  "pass": true,
                  "fail": false,
                  "pending": false,
                  "context": null,
                  "code": "// expect(fn).to.throw(Error)",
                  "err": {},
                  "uuid": "e7a307e7-755e-412d-9a0d-64099dd1df04",
                  "parentUUID": "e4278aa9-aef6-4874-a69e-d5e22f96422f",
                  "isHook": false,
                  "skipped": false
                },
                {
                  "title": "Validating  - Using  respondTo(method)(NOT DONE) ",
                  "fullTitle": "Actions Validate with BDD Chai assertion Validating  - Using  respondTo(method)(NOT DONE) ",
                  "timedOut": null,
                  "duration": 13,
                  "state": "passed",
                  "speed": "fast",
                  "pass": true,
                  "fail": false,
                  "pending": false,
                  "context": null,
                  "code": "// expect(obj).to.respondTo('getName')",
                  "err": {},
                  "uuid": "28f8a76f-53ed-410e-83b6-165a502782ae",
                  "parentUUID": "e4278aa9-aef6-4874-a69e-d5e22f96422f",
                  "isHook": false,
                  "skipped": false
                },
                {
                  "title": "Validating  - Using itself (NOT DONE)",
                  "fullTitle": "Actions Validate with BDD Chai assertion Validating  - Using itself (NOT DONE)",
                  "timedOut": null,
                  "duration": 15,
                  "state": "passed",
                  "speed": "fast",
                  "pass": true,
                  "fail": false,
                  "pending": false,
                  "context": null,
                  "code": "// expect(Foo).itself.to.respondTo('bar')",
                  "err": {},
                  "uuid": "46e520cf-af8c-4103-98f9-61ded43e3985",
                  "parentUUID": "e4278aa9-aef6-4874-a69e-d5e22f96422f",
                  "isHook": false,
                  "skipped": false
                },
                {
                  "title": "Validating  - Using satisfy(method) (NOT DONE) ",
                  "fullTitle": "Actions Validate with BDD Chai assertion Validating  - Using satisfy(method) (NOT DONE) ",
                  "timedOut": null,
                  "duration": 17,
                  "state": "passed",
                  "speed": "fast",
                  "pass": true,
                  "fail": false,
                  "pending": false,
                  "context": null,
                  "code": "// expect(1).to.satisfy((num) => { return num > 0 })",
                  "err": {},
                  "uuid": "8d883cb0-c253-4292-9e48-df92ec902675",
                  "parentUUID": "e4278aa9-aef6-4874-a69e-d5e22f96422f",
                  "isHook": false,
                  "skipped": false
                },
                {
                  "title": "Validating  - Using closeTo(expected, delta) ",
                  "fullTitle": "Actions Validate with BDD Chai assertion Validating  - Using closeTo(expected, delta) ",
                  "timedOut": null,
                  "duration": 23,
                  "state": "passed",
                  "speed": "fast",
                  "pass": true,
                  "fail": false,
                  "pending": false,
                  "context": null,
                  "code": "// expect(1.5).to.be.closeTo(1, 0.5)\ncy.get('a#btn-search-flight').should(function ($li) {\n  expect($li.get(0).innerText.length).to.be.closeTo(14, 1);\n});",
                  "err": {},
                  "uuid": "5f4a390f-741a-432b-b21c-d339ee07e3c1",
                  "parentUUID": "e4278aa9-aef6-4874-a69e-d5e22f96422f",
                  "isHook": false,
                  "skipped": false
                },
                {
                  "title": "Validating  - Using members(set) (NOT DONE) ",
                  "fullTitle": "Actions Validate with BDD Chai assertion Validating  - Using members(set) (NOT DONE) ",
                  "timedOut": null,
                  "duration": 11,
                  "state": "passed",
                  "speed": "fast",
                  "pass": true,
                  "fail": false,
                  "pending": false,
                  "context": null,
                  "code": "// expect([1, 2, 3]).to.include.members([3, 2])",
                  "err": {},
                  "uuid": "069e39f4-3d10-4c68-8a2b-a559695defe9",
                  "parentUUID": "e4278aa9-aef6-4874-a69e-d5e22f96422f",
                  "isHook": false,
                  "skipped": false
                },
                {
                  "title": "Validating  - Using oneOf(values) ",
                  "fullTitle": "Actions Validate with BDD Chai assertion Validating  - Using oneOf(values) ",
                  "timedOut": null,
                  "duration": 24,
                  "state": "passed",
                  "speed": "fast",
                  "pass": true,
                  "fail": false,
                  "pending": false,
                  "context": null,
                  "code": "// expect(2).to.be.oneOf([1,2,3])\ncy.get('a#btn-search-flight').should(function ($li) {\n  expect($li.get(0).innerText.length).to.be.oneOf([12, 13, 14]);\n});",
                  "err": {},
                  "uuid": "4878be12-5cc6-4919-b183-e5a3e932911b",
                  "parentUUID": "e4278aa9-aef6-4874-a69e-d5e22f96422f",
                  "isHook": false,
                  "skipped": false
                },
                {
                  "title": "Validating  - Using change(function) (NOT DONE)  ",
                  "fullTitle": "Actions Validate with BDD Chai assertion Validating  - Using change(function) (NOT DONE)  ",
                  "timedOut": null,
                  "duration": 16,
                  "state": "passed",
                  "speed": "fast",
                  "pass": true,
                  "fail": false,
                  "pending": false,
                  "context": null,
                  "code": "// expect(fn).to.change(obj, 'val')",
                  "err": {},
                  "uuid": "8c0bbb29-3977-40a8-9f69-9d701617b66f",
                  "parentUUID": "e4278aa9-aef6-4874-a69e-d5e22f96422f",
                  "isHook": false,
                  "skipped": false
                },
                {
                  "title": "Validating  - Using increase(function) (NOT DONE)  ",
                  "fullTitle": "Actions Validate with BDD Chai assertion Validating  - Using increase(function) (NOT DONE)  ",
                  "timedOut": null,
                  "duration": 15,
                  "state": "passed",
                  "speed": "fast",
                  "pass": true,
                  "fail": false,
                  "pending": false,
                  "context": null,
                  "code": "// expect(fn).to.increase(obj, 'val')",
                  "err": {},
                  "uuid": "875723e9-1580-4157-8d9b-448ccb49597f",
                  "parentUUID": "e4278aa9-aef6-4874-a69e-d5e22f96422f",
                  "isHook": false,
                  "skipped": false
                },
                {
                  "title": "Validating  - Using decrease(function) (NOT DONE)  ",
                  "fullTitle": "Actions Validate with BDD Chai assertion Validating  - Using decrease(function) (NOT DONE)  ",
                  "timedOut": null,
                  "duration": 12,
                  "state": "passed",
                  "speed": "fast",
                  "pass": true,
                  "fail": false,
                  "pending": false,
                  "context": null,
                  "code": "//  expect(fn).to.decrease(obj, 'val')",
                  "err": {},
                  "uuid": "cd701809-0656-4523-9365-b4b7c9da76f5",
                  "parentUUID": "e4278aa9-aef6-4874-a69e-d5e22f96422f",
                  "isHook": false,
                  "skipped": false
                }
              ],
              "suites": [],
              "passes": [
                "5e752447-0ac4-4e2d-bfda-0f3cfd11c1f5",
                "57dffa5c-44db-4aae-b742-d005fd997c42",
                "0f4b658b-e50a-494e-bdae-0fba31284cd8",
                "4680d623-ecb2-4bda-9052-3115203f9830",
                "1c827763-50eb-492b-b20e-a130de35519f",
                "43047941-79be-4121-ae04-caf7f8cbd3dd",
                "c3c8a1ea-05b9-4c99-9bce-a43162017286",
                "759765c6-5c2d-4992-af20-5d827e419734",
                "5ef1e505-a8b3-4ec6-ae54-a497483b4c0f",
                "5194abe4-0d7a-49c9-b815-16778afd359a",
                "89ccd4e7-c931-4dac-8265-cea80d24a16f",
                "05085112-dffe-4e54-94db-152787c8e7f0",
                "24c5642d-76d8-4563-a96b-02656dc829dd",
                "ad48e857-504e-4942-8ee5-169d1bcf328c",
                "8ddadc09-9812-4e9a-a992-b6ffa895807d",
                "764e3296-282e-4748-a880-388e25ab2336",
                "19390ccc-fd69-4166-b810-528cb44db72f",
                "d446a9fd-1a78-44f7-bb2c-9c8e8ce4accc",
                "6cb805af-7ff9-4e9e-9aa7-775bdbdf1a21",
                "322460e8-2daf-4b77-9342-11918edaf9e1",
                "eaa74b91-e96e-48dd-a476-1f56a10aabb0",
                "ad04cb78-c789-47e2-a0c3-20c2e236f3e2",
                "679a27d1-34a0-4347-92b8-78c70a77135b",
                "d5216135-7ae5-4076-b473-f2df95dd7be0",
                "c9d795ca-c18b-4e46-bafb-f562c0b4b414",
                "1b00f97b-cc3e-4d4d-8ef9-9a8b3d0df75a",
                "9e4ba916-dcaf-4559-8e6c-83a82ee46fa1",
                "7d11c503-04b4-44ff-928f-5c8f0ad92857",
                "cbc568f4-0fa0-4d22-85c2-800576d7cae6",
                "d9387d8e-614b-4713-8876-6cd9b1c679cc",
                "19651d83-8b0d-42b8-9422-deee249244fa",
                "e7a307e7-755e-412d-9a0d-64099dd1df04",
                "28f8a76f-53ed-410e-83b6-165a502782ae",
                "46e520cf-af8c-4103-98f9-61ded43e3985",
                "8d883cb0-c253-4292-9e48-df92ec902675",
                "5f4a390f-741a-432b-b21c-d339ee07e3c1",
                "069e39f4-3d10-4c68-8a2b-a559695defe9",
                "4878be12-5cc6-4919-b183-e5a3e932911b",
                "8c0bbb29-3977-40a8-9f69-9d701617b66f",
                "875723e9-1580-4157-8d9b-448ccb49597f",
                "cd701809-0656-4523-9365-b4b7c9da76f5"
              ],
              "failures": [],
              "pending": [],
              "skipped": [],
              "duration": 3663,
              "root": false,
              "rootEmpty": false,
              "_timeout": 2000
            }
          ],
          "passes": [],
          "failures": [],
          "pending": [],
          "skipped": [],
          "duration": 0,
          "root": false,
          "rootEmpty": false,
          "_timeout": 2000
        }
      ],
      "passes": [],
      "failures": [],
      "pending": [],
      "skipped": [],
      "duration": 0,
      "root": true,
      "rootEmpty": true,
      "_timeout": 2000
    },
    {
      "uuid": "705a13da-2c98-46a2-9907-d073c80d6d35",
      "title": "",
      "fullFile": "cypress/integration/Autolearning/Assertions/commonAssertion.js",
      "file": "cypress/integration/Autolearning/Assertions/commonAssertion.js",
      "beforeHooks": [],
      "afterHooks": [],
      "tests": [],
      "suites": [
        {
          "uuid": "5723185d-df1d-4a02-9c05-774d62b1a811",
          "title": "Actions",
          "fullFile": "",
          "file": "",
          "beforeHooks": [],
          "afterHooks": [],
          "tests": [],
          "suites": [
            {
              "uuid": "e478b214-7618-42e1-920f-60ab788c4933",
              "title": "Validate Deals with common assertion",
              "fullFile": "",
              "file": "",
              "beforeHooks": [],
              "afterHooks": [],
              "tests": [
                {
                  "title": "Validating always 10 deals shows up on home page - Using have.length",
                  "fullTitle": "Actions Validate Deals with common assertion Validating always 10 deals shows up on home page - Using have.length",
                  "timedOut": null,
                  "duration": 6354,
                  "state": "failed",
                  "speed": null,
                  "pass": false,
                  "fail": true,
                  "pending": false,
                  "context": null,
                  "code": "cy.get('.hp-deals-table').should('have.length', 10);\ncy.get('.hp-deals-table').should('not.have.length', 5);",
                  "err": {
                    "message": "AssertionError: Timed out retrying: Not enough elements found. Found '7', expected '10'.",
                    "estack": "AssertionError: Timed out retrying: Not enough elements found. Found '7', expected '10'.\n    at Context.eval (https://www.flighthub.com/__cypress/tests?p=cypress/integration/Autolearning/Assertions/commonAssertion.js:11:33)",
                    "diff": "- 7\n+ 10\n"
                  },
                  "uuid": "a9981896-bd29-443c-8fb8-c462d8104ad1",
                  "parentUUID": "e478b214-7618-42e1-920f-60ab788c4933",
                  "isHook": false,
                  "skipped": false
                },
                {
                  "title": "Validating same grouped class and id - Using have.id and have.class ",
                  "fullTitle": "Actions Validate Deals with common assertion Validating same grouped class and id - Using have.id and have.class ",
                  "timedOut": null,
                  "duration": 196,
                  "state": "passed",
                  "speed": "slow",
                  "pass": true,
                  "fail": false,
                  "pending": false,
                  "context": null,
                  "code": "/*\nfind li within main_search_fares_form class\n cy.get('.main_search_fares_form').find('li').eq(0).should('have.class', 'flight_type_button_v2 flight-type-round-trip active')\n*/\ncy.get('.search_form_wrapper').should('have.id', 'search_form_flights');\ncy.get('#search_form_flights').should('have.class', 'search_form_wrapper'); // cy.get('#search_form_flights').should('not.have.class', 'search_form_wrapper');",
                  "err": {},
                  "uuid": "b2c3f59e-edec-443c-9c3b-9ab32370b9bd",
                  "parentUUID": "e478b214-7618-42e1-920f-60ab788c4933",
                  "isHook": false,
                  "skipped": false
                },
                {
                  "title": "Fetching Sign-up and Enter city text area value - Using invoke Value",
                  "fullTitle": "Actions Validate Deals with common assertion Fetching Sign-up and Enter city text area value - Using invoke Value",
                  "timedOut": null,
                  "duration": 1073,
                  "state": "passed",
                  "speed": "slow",
                  "pass": true,
                  "fail": false,
                  "pending": false,
                  "context": null,
                  "code": "/*\n have.value is not working\n cy.get('.newsletter-form-left').type('antara.chowdhury@gmail.com').should('have.value','antara.chowdhury@gmail.com')\n  */\ncy.get('.newsletter-form-left').click().type('antara.chowdhury@gmail.com');\ncy.wait(500);\ncy.get('input[name=\"email\"]').invoke('val').then(function (sometext) {\n  return cy.log(sometext);\n});\ncy.get('input[type=\"text\"]').invoke('val').then(function (sometext) {\n  return cy.log(sometext);\n});",
                  "err": {},
                  "uuid": "39e86681-d95a-4249-993d-d5638a22cc8b",
                  "parentUUID": "e478b214-7618-42e1-920f-60ab788c4933",
                  "isHook": false,
                  "skipped": false
                },
                {
                  "title": "Validating the SEARCH FLIGHT buttons text content - Using contain",
                  "fullTitle": "Actions Validate Deals with common assertion Validating the SEARCH FLIGHT buttons text content - Using contain",
                  "timedOut": null,
                  "duration": 30,
                  "state": "passed",
                  "speed": "fast",
                  "pass": true,
                  "fail": false,
                  "pending": false,
                  "context": null,
                  "code": "cy.get('a#btn-search-flight').should('contain', 'SEARCH FLIGHTS'); // cy.get('a#btn-search-flight').should('not.contain', 'SEARCH FLIGHTS')",
                  "err": {},
                  "uuid": "73918829-3991-4be8-8e9c-92a2a1ca877c",
                  "parentUUID": "e478b214-7618-42e1-920f-60ab788c4933",
                  "isHook": false,
                  "skipped": false
                },
                {
                  "title": "Validating SEARCH FLIGHT buttons is visible - Using Visibility",
                  "fullTitle": "Actions Validate Deals with common assertion Validating SEARCH FLIGHT buttons is visible - Using Visibility",
                  "timedOut": null,
                  "duration": 28,
                  "state": "passed",
                  "speed": "fast",
                  "pass": true,
                  "fail": false,
                  "pending": false,
                  "context": null,
                  "code": "cy.get('a#btn-search-flight').should('be.visible'); // cy.get('a#btn-search-flight').should('not.be.visible');",
                  "err": {},
                  "uuid": "6a7189c0-4e99-427d-a1d2-f33976e8d780",
                  "parentUUID": "e478b214-7618-42e1-920f-60ab788c4933",
                  "isHook": false,
                  "skipped": false
                },
                {
                  "title": "Validating all the deals exists on home page - Using Existence",
                  "fullTitle": "Actions Validate Deals with common assertion Validating all the deals exists on home page - Using Existence",
                  "timedOut": null,
                  "duration": 23,
                  "state": "passed",
                  "speed": "fast",
                  "pass": true,
                  "fail": false,
                  "pending": false,
                  "context": null,
                  "code": "cy.get('a#btn-search-flight').should('be.exist'); // cy.get('a#btn-search-flight').should('not.exist');",
                  "err": {},
                  "uuid": "8c4fe48f-3313-423a-9542-594e1a893e4b",
                  "parentUUID": "e478b214-7618-42e1-920f-60ab788c4933",
                  "isHook": false,
                  "skipped": false
                },
                {
                  "title": "Validating Prefer Non-Stop check box is checked on home page - Using State",
                  "fullTitle": "Actions Validate Deals with common assertion Validating Prefer Non-Stop check box is checked on home page - Using State",
                  "timedOut": null,
                  "duration": 214,
                  "state": "passed",
                  "speed": "slow",
                  "pass": true,
                  "fail": false,
                  "pending": false,
                  "context": null,
                  "code": "cy.get('.hp-additional-options').find('a').click();\ncy.get('input[name=\\'non_stop\\']').click().should('be.checked');",
                  "err": {},
                  "uuid": "a3f96781-607c-44a0-af19-5f5fa33a174f",
                  "parentUUID": "e478b214-7618-42e1-920f-60ab788c4933",
                  "isHook": false,
                  "skipped": false
                },
                {
                  "title": "Validating backgrouud color css and color value for SEARCH BUTTON   - Using CSS",
                  "fullTitle": "Actions Validate Deals with common assertion Validating backgrouud color css and color value for SEARCH BUTTON   - Using CSS",
                  "timedOut": null,
                  "duration": 27,
                  "state": "passed",
                  "speed": "fast",
                  "pass": true,
                  "fail": false,
                  "pending": false,
                  "context": null,
                  "code": "cy.get('a#btn-search-flight').should('have.css', 'background-color', 'rgb(255, 100, 50)');",
                  "err": {},
                  "uuid": "d5579f8f-25a0-4797-8528-d7dce69fcea8",
                  "parentUUID": "e478b214-7618-42e1-920f-60ab788c4933",
                  "isHook": false,
                  "skipped": false
                }
              ],
              "suites": [],
              "passes": [
                "b2c3f59e-edec-443c-9c3b-9ab32370b9bd",
                "39e86681-d95a-4249-993d-d5638a22cc8b",
                "73918829-3991-4be8-8e9c-92a2a1ca877c",
                "6a7189c0-4e99-427d-a1d2-f33976e8d780",
                "8c4fe48f-3313-423a-9542-594e1a893e4b",
                "a3f96781-607c-44a0-af19-5f5fa33a174f",
                "d5579f8f-25a0-4797-8528-d7dce69fcea8"
              ],
              "failures": [
                "a9981896-bd29-443c-8fb8-c462d8104ad1"
              ],
              "pending": [],
              "skipped": [],
              "duration": 7945,
              "root": false,
              "rootEmpty": false,
              "_timeout": 2000
            }
          ],
          "passes": [],
          "failures": [],
          "pending": [],
          "skipped": [],
          "duration": 0,
          "root": false,
          "rootEmpty": false,
          "_timeout": 2000
        }
      ],
      "passes": [],
      "failures": [],
      "pending": [],
      "skipped": [],
      "duration": 0,
      "root": true,
      "rootEmpty": true,
      "_timeout": 2000
    },
    {
      "uuid": "7f7dcdb5-ed85-4b15-a7ec-c58fa2fa3a4f",
      "title": "",
      "fullFile": "cypress/integration/Autolearning/Assertions/tddAssertion.js",
      "file": "cypress/integration/Autolearning/Assertions/tddAssertion.js",
      "beforeHooks": [],
      "afterHooks": [],
      "tests": [],
      "suites": [
        {
          "uuid": "64514d11-f94a-4b6b-b6fe-74ac37a26bfe",
          "title": "Actions",
          "fullFile": "",
          "file": "",
          "beforeHooks": [],
          "afterHooks": [],
          "tests": [],
          "suites": [
            {
              "uuid": "9b94c8c1-ca63-4193-9266-fe00af2c158b",
              "title": "Validate with all TDD assertions",
              "fullFile": "",
              "file": "",
              "beforeHooks": [],
              "afterHooks": [],
              "tests": [
                {
                  "title": "Validating   - USING .isOk(object/expression, [message])",
                  "fullTitle": "Actions Validate with all TDD assertions Validating   - USING .isOk(object/expression, [message])",
                  "timedOut": null,
                  "duration": 1913,
                  "state": "passed",
                  "speed": "slow",
                  "pass": true,
                  "fail": false,
                  "pending": false,
                  "context": null,
                  "code": "//    assert.isOk('Antara', 'everything is ok')\nassert.isOk(cy.get('a#btn-search-flight').contains('SEARCH FLIGHTS'), 'Should return TRUE, SEARCH FLIGHT button text is ok');",
                  "err": {},
                  "uuid": "f00cdeee-f793-4fa4-a494-5b094beb59eb",
                  "parentUUID": "9b94c8c1-ca63-4193-9266-fe00af2c158b",
                  "isHook": false,
                  "skipped": false
                },
                {
                  "title": "Validating  - Using .isNotOk(object, [message]) ",
                  "fullTitle": "Actions Validate with all TDD assertions Validating  - Using .isNotOk(object, [message]) ",
                  "timedOut": null,
                  "duration": 166,
                  "state": "passed",
                  "speed": "slow",
                  "pass": true,
                  "fail": false,
                  "pending": false,
                  "context": null,
                  "code": "assert.isNotOk(false, 'It will pass'); //  assert.isNotOk(cy.get('a#btn-search-flight').contains(null), 'It should return false')",
                  "err": {},
                  "uuid": "5b89a9cb-1d09-4645-b59e-265f33a80a42",
                  "parentUUID": "9b94c8c1-ca63-4193-9266-fe00af2c158b",
                  "isHook": false,
                  "skipped": false
                },
                {
                  "title": "Validating  - USING  .equal(actual, expected, [message])",
                  "fullTitle": "Actions Validate with all TDD assertions Validating  - USING  .equal(actual, expected, [message])",
                  "timedOut": null,
                  "duration": 507,
                  "state": "failed",
                  "speed": null,
                  "pass": false,
                  "fail": true,
                  "pending": false,
                  "context": null,
                  "code": "// assert.equal(3, 3, 'vals equal')\n// let t = cy.get('a#btn-search-flight').its('text')\n//let t = cy.get('a#btn-search-flight').invoke('text')\nvar t = cy.get('a#btn-search-flight').text();\nassert.equal(t, 'SEARCH FLIGHTS', 'Value matches');",
                  "err": {
                    "message": "TypeError: cy.get(...).text is not a function",
                    "estack": "TypeError: cy.get(...).text is not a function\n    at Context.eval (https://www.flighthub.com/__cypress/tests?p=cypress/integration/Autolearning/Assertions/tddAssertion.js:21:45)",
                    "diff": null
                  },
                  "uuid": "27d55542-28fd-4d89-9a77-df9170aae6f4",
                  "parentUUID": "9b94c8c1-ca63-4193-9266-fe00af2c158b",
                  "isHook": false,
                  "skipped": false
                },
                {
                  "title": "Validating  - USING ",
                  "fullTitle": "Actions Validate with all TDD assertions Validating  - USING ",
                  "timedOut": null,
                  "duration": 25,
                  "state": "passed",
                  "speed": "fast",
                  "pass": true,
                  "fail": false,
                  "pending": false,
                  "context": null,
                  "code": "",
                  "err": {},
                  "uuid": "9a12dee5-fd8f-430a-9061-169aaa045ade",
                  "parentUUID": "9b94c8c1-ca63-4193-9266-fe00af2c158b",
                  "isHook": false,
                  "skipped": false
                },
                {
                  "title": "Validating  - USING ",
                  "fullTitle": "Actions Validate with all TDD assertions Validating  - USING ",
                  "timedOut": null,
                  "duration": 25,
                  "state": "passed",
                  "speed": "fast",
                  "pass": true,
                  "fail": false,
                  "pending": false,
                  "context": null,
                  "code": "",
                  "err": {},
                  "uuid": "9aa07f4d-3ae6-4061-b84d-11fb47847d71",
                  "parentUUID": "9b94c8c1-ca63-4193-9266-fe00af2c158b",
                  "isHook": false,
                  "skipped": false
                },
                {
                  "title": "Validating  - USING ",
                  "fullTitle": "Actions Validate with all TDD assertions Validating  - USING ",
                  "timedOut": null,
                  "duration": 14,
                  "state": "passed",
                  "speed": "fast",
                  "pass": true,
                  "fail": false,
                  "pending": false,
                  "context": null,
                  "code": "",
                  "err": {},
                  "uuid": "8b647459-825a-4c8e-ba6b-e057cc4dc3cf",
                  "parentUUID": "9b94c8c1-ca63-4193-9266-fe00af2c158b",
                  "isHook": false,
                  "skipped": false
                },
                {
                  "title": "Validating  - USING ",
                  "fullTitle": "Actions Validate with all TDD assertions Validating  - USING ",
                  "timedOut": null,
                  "duration": 17,
                  "state": "passed",
                  "speed": "fast",
                  "pass": true,
                  "fail": false,
                  "pending": false,
                  "context": null,
                  "code": "",
                  "err": {},
                  "uuid": "6e56c632-b927-4686-a11d-7cfaf95d40a1",
                  "parentUUID": "9b94c8c1-ca63-4193-9266-fe00af2c158b",
                  "isHook": false,
                  "skipped": false
                }
              ],
              "suites": [],
              "passes": [
                "f00cdeee-f793-4fa4-a494-5b094beb59eb",
                "5b89a9cb-1d09-4645-b59e-265f33a80a42",
                "9a12dee5-fd8f-430a-9061-169aaa045ade",
                "9aa07f4d-3ae6-4061-b84d-11fb47847d71",
                "8b647459-825a-4c8e-ba6b-e057cc4dc3cf",
                "6e56c632-b927-4686-a11d-7cfaf95d40a1"
              ],
              "failures": [
                "27d55542-28fd-4d89-9a77-df9170aae6f4"
              ],
              "pending": [],
              "skipped": [],
              "duration": 2667,
              "root": false,
              "rootEmpty": false,
              "_timeout": 2000
            }
          ],
          "passes": [],
          "failures": [],
          "pending": [],
          "skipped": [],
          "duration": 0,
          "root": false,
          "rootEmpty": false,
          "_timeout": 2000
        }
      ],
      "passes": [],
      "failures": [],
      "pending": [],
      "skipped": [],
      "duration": 0,
      "root": true,
      "rootEmpty": true,
      "_timeout": 2000
    },
    {
      "uuid": "d80f311e-14ae-436d-8be0-2d47068903c6",
      "title": "",
      "fullFile": "cypress/integration/Autolearning/Assertions/validateDealsJQueryLoop.js",
      "file": "cypress/integration/Autolearning/Assertions/validateDealsJQueryLoop.js",
      "beforeHooks": [],
      "afterHooks": [],
      "tests": [],
      "suites": [
        {
          "uuid": "78c08ff1-ef4d-492d-b514-b5fba17075ba",
          "title": "Actions",
          "fullFile": "",
          "file": "",
          "beforeHooks": [],
          "afterHooks": [],
          "tests": [],
          "suites": [
            {
              "uuid": "69516763-db7e-43c7-b0ba-9c3ec9675329",
              "title": "Validating all the deals Using jQuery loop",
              "fullFile": "",
              "file": "",
              "beforeHooks": [],
              "afterHooks": [],
              "tests": [
                {
                  "title": "Validate the deals with JQuery Loop:Today's Flight Deals*",
                  "fullTitle": "Actions Validating all the deals Using jQuery loop Validate the deals with JQuery Loop:Today's Flight Deals*",
                  "timedOut": null,
                  "duration": 1859,
                  "state": "passed",
                  "speed": "slow",
                  "pass": true,
                  "fail": false,
                  "pending": false,
                  "context": null,
                  "code": "cy.get(\".deals__title:visible\").should('contain', deal);",
                  "err": {},
                  "uuid": "ba9dd76f-cf51-482b-8c58-7667946133ca",
                  "parentUUID": "69516763-db7e-43c7-b0ba-9c3ec9675329",
                  "isHook": false,
                  "skipped": false
                },
                {
                  "title": "Validate the deals with JQuery Loop:Featured Offers*",
                  "fullTitle": "Actions Validating all the deals Using jQuery loop Validate the deals with JQuery Loop:Featured Offers*",
                  "timedOut": null,
                  "duration": 114,
                  "state": "passed",
                  "speed": "slow",
                  "pass": true,
                  "fail": false,
                  "pending": false,
                  "context": null,
                  "code": "cy.get(\".deals__title:visible\").should('contain', deal);",
                  "err": {},
                  "uuid": "2a6d1ebd-9bb8-4c6c-9de9-74f7e1569196",
                  "parentUUID": "69516763-db7e-43c7-b0ba-9c3ec9675329",
                  "isHook": false,
                  "skipped": false
                },
                {
                  "title": "Validate the deals with JQuery Loop:Our Best Price*",
                  "fullTitle": "Actions Validating all the deals Using jQuery loop Validate the deals with JQuery Loop:Our Best Price*",
                  "timedOut": null,
                  "duration": 51,
                  "state": "passed",
                  "speed": "medium",
                  "pass": true,
                  "fail": false,
                  "pending": false,
                  "context": null,
                  "code": "cy.get(\".deals__title:visible\").should('contain', deal);",
                  "err": {},
                  "uuid": "ad43cf41-78c6-4243-ab62-8232eb923a27",
                  "parentUUID": "69516763-db7e-43c7-b0ba-9c3ec9675329",
                  "isHook": false,
                  "skipped": false
                },
                {
                  "title": "Validate the deals with JQuery Loop:Top Hotel Deals*",
                  "fullTitle": "Actions Validating all the deals Using jQuery loop Validate the deals with JQuery Loop:Top Hotel Deals*",
                  "timedOut": null,
                  "duration": 56,
                  "state": "passed",
                  "speed": "medium",
                  "pass": true,
                  "fail": false,
                  "pending": false,
                  "context": null,
                  "code": "cy.get(\".deals__title:visible\").should('contain', deal);",
                  "err": {},
                  "uuid": "12a042f0-6477-48e2-9628-2b0023383d85",
                  "parentUUID": "69516763-db7e-43c7-b0ba-9c3ec9675329",
                  "isHook": false,
                  "skipped": false
                },
                {
                  "title": "Validate the deals with JQuery Loop:Top Car Deals*",
                  "fullTitle": "Actions Validating all the deals Using jQuery loop Validate the deals with JQuery Loop:Top Car Deals*",
                  "timedOut": null,
                  "duration": 79,
                  "state": "passed",
                  "speed": "slow",
                  "pass": true,
                  "fail": false,
                  "pending": false,
                  "context": null,
                  "code": "cy.get(\".deals__title:visible\").should('contain', deal);",
                  "err": {},
                  "uuid": "2a3ca52f-179a-42e1-8366-d0a1c1f5f4d4",
                  "parentUUID": "69516763-db7e-43c7-b0ba-9c3ec9675329",
                  "isHook": false,
                  "skipped": false
                }
              ],
              "suites": [],
              "passes": [
                "ba9dd76f-cf51-482b-8c58-7667946133ca",
                "2a6d1ebd-9bb8-4c6c-9de9-74f7e1569196",
                "ad43cf41-78c6-4243-ab62-8232eb923a27",
                "12a042f0-6477-48e2-9628-2b0023383d85",
                "2a3ca52f-179a-42e1-8366-d0a1c1f5f4d4"
              ],
              "failures": [],
              "pending": [],
              "skipped": [],
              "duration": 2159,
              "root": false,
              "rootEmpty": false,
              "_timeout": 2000
            }
          ],
          "passes": [],
          "failures": [],
          "pending": [],
          "skipped": [],
          "duration": 0,
          "root": false,
          "rootEmpty": false,
          "_timeout": 2000
        }
      ],
      "passes": [],
      "failures": [],
      "pending": [],
      "skipped": [],
      "duration": 0,
      "root": true,
      "rootEmpty": true,
      "_timeout": 2000
    },
    {
      "uuid": "370953c3-712c-4a42-829f-9777e7a3144c",
      "title": "",
      "fullFile": "cypress/integration/Autolearning/Home/customCommandUsage.js",
      "file": "cypress/integration/Autolearning/Home/customCommandUsage.js",
      "beforeHooks": [],
      "afterHooks": [],
      "tests": [],
      "suites": [
        {
          "uuid": "44ba54f4-80f9-431b-9c13-6aeec4525173",
          "title": "Actions",
          "fullFile": "",
          "file": "",
          "beforeHooks": [],
          "afterHooks": [],
          "tests": [],
          "suites": [
            {
              "uuid": "335176bc-592f-45a9-b6ec-2de253d7ee19",
              "title": "Validate login using custom command",
              "fullFile": "",
              "file": "",
              "beforeHooks": [],
              "afterHooks": [],
              "tests": [
                {
                  "title": "Login using custom command and passing raw argument data",
                  "fullTitle": "Actions Validate login using custom command Login using custom command and passing raw argument data",
                  "timedOut": null,
                  "duration": 6744,
                  "state": "passed",
                  "speed": "slow",
                  "pass": true,
                  "fail": false,
                  "pending": false,
                  "context": null,
                  "code": "cy.login('antara.jb@gmail.com', '12345678');",
                  "err": {},
                  "uuid": "1ffa1a3a-e9a3-47d9-9454-3cf8f8b71309",
                  "parentUUID": "335176bc-592f-45a9-b6ec-2de253d7ee19",
                  "isHook": false,
                  "skipped": false
                },
                {
                  "title": "Login using custom command and read test data from json",
                  "fullTitle": "Actions Validate login using custom command Login using custom command and read test data from json",
                  "timedOut": null,
                  "duration": 5161,
                  "state": "passed",
                  "speed": "slow",
                  "pass": true,
                  "fail": false,
                  "pending": false,
                  "context": null,
                  "code": "cy.fixture('FlightHub_user.json').then(function (user) {\n  var email = user.email;\n  var pass = user.password;\n  cy.login(email, pass);\n});",
                  "err": {},
                  "uuid": "e7185b0a-a691-4095-931a-7968a0b461dd",
                  "parentUUID": "335176bc-592f-45a9-b6ec-2de253d7ee19",
                  "isHook": false,
                  "skipped": false
                }
              ],
              "suites": [],
              "passes": [
                "1ffa1a3a-e9a3-47d9-9454-3cf8f8b71309",
                "e7185b0a-a691-4095-931a-7968a0b461dd"
              ],
              "failures": [],
              "pending": [],
              "skipped": [],
              "duration": 11905,
              "root": false,
              "rootEmpty": false,
              "_timeout": 2000
            }
          ],
          "passes": [],
          "failures": [],
          "pending": [],
          "skipped": [],
          "duration": 0,
          "root": false,
          "rootEmpty": false,
          "_timeout": 2000
        }
      ],
      "passes": [],
      "failures": [],
      "pending": [],
      "skipped": [],
      "duration": 0,
      "root": true,
      "rootEmpty": true,
      "_timeout": 2000
    },
    {
      "uuid": "98de259a-eae1-43d6-ae0f-d0ac4510563a",
      "title": "",
      "fullFile": "cypress/integration/Autolearning/Home/homePageValidation.js",
      "file": "cypress/integration/Autolearning/Home/homePageValidation.js",
      "beforeHooks": [],
      "afterHooks": [],
      "tests": [],
      "suites": [
        {
          "uuid": "468a0515-b5cd-495c-b013-49521c950075",
          "title": "Actions",
          "fullFile": "",
          "file": "",
          "beforeHooks": [],
          "afterHooks": [],
          "tests": [],
          "suites": [
            {
              "uuid": "a9aeb596-b242-4ace-8749-eb8fd64d8715",
              "title": "Validate login using custom command",
              "fullFile": "",
              "file": "",
              "beforeHooks": [],
              "afterHooks": [],
              "tests": [
                {
                  "title": "Search flight button text validation using page objects",
                  "fullTitle": "Actions Validate login using custom command Search flight button text validation using page objects",
                  "timedOut": null,
                  "duration": 2439,
                  "state": "failed",
                  "speed": null,
                  "pass": false,
                  "fail": true,
                  "pending": false,
                  "context": null,
                  "code": "var home = new _HomePage[\"default\"]();\nhome.searchFlightButton().should('contain', 'SEARCH FLIGHTS');",
                  "err": {
                    "message": "TypeError: home.searchFlightButton is not a function",
                    "estack": "TypeError: home.searchFlightButton is not a function\n    at Context.eval (https://www.flighthub.com/__cypress/tests?p=cypress/integration/Autolearning/Home/homePageValidation.js:16:12)",
                    "diff": null
                  },
                  "uuid": "9c9e4560-37a7-4ac1-92e3-cb56ace6fab0",
                  "parentUUID": "a9aeb596-b242-4ace-8749-eb8fd64d8715",
                  "isHook": false,
                  "skipped": false
                },
                {
                  "title": "Search for a round tril flight using custom command and page objects",
                  "fullTitle": "Actions Validate login using custom command Search for a round tril flight using custom command and page objects",
                  "timedOut": null,
                  "duration": 663,
                  "state": "failed",
                  "speed": null,
                  "pass": false,
                  "fail": true,
                  "pending": false,
                  "context": null,
                  "code": "cy.SearchRoundTripflight();",
                  "err": {
                    "message": "ReferenceError: HomePage is not defined",
                    "estack": "ReferenceError: HomePage is not defined\n    at Context.eval (https://www.flighthub.com/__cypress/tests?p=cypress/support/index.js:42:20)",
                    "diff": null
                  },
                  "uuid": "1ccaef03-40ed-44f5-bcfd-5bb51c723179",
                  "parentUUID": "a9aeb596-b242-4ace-8749-eb8fd64d8715",
                  "isHook": false,
                  "skipped": false
                },
                {
                  "title": "Validating sign-up feature using page objects",
                  "fullTitle": "Actions Validate login using custom command Validating sign-up feature using page objects",
                  "timedOut": null,
                  "duration": 30,
                  "state": "passed",
                  "speed": "fast",
                  "pass": true,
                  "fail": false,
                  "pending": false,
                  "context": null,
                  "code": "",
                  "err": {},
                  "uuid": "da3cde53-798b-469d-b1e6-d39746a4df6e",
                  "parentUUID": "a9aeb596-b242-4ace-8749-eb8fd64d8715",
                  "isHook": false,
                  "skipped": false
                },
                {
                  "title": "Search for a city using page objects",
                  "fullTitle": "Actions Validate login using custom command Search for a city using page objects",
                  "timedOut": null,
                  "duration": 50,
                  "state": "passed",
                  "speed": "medium",
                  "pass": true,
                  "fail": false,
                  "pending": false,
                  "context": null,
                  "code": "",
                  "err": {},
                  "uuid": "12428868-6f52-43a2-a7a1-c8c60ab35da6",
                  "parentUUID": "a9aeb596-b242-4ace-8749-eb8fd64d8715",
                  "isHook": false,
                  "skipped": false
                }
              ],
              "suites": [],
              "passes": [
                "da3cde53-798b-469d-b1e6-d39746a4df6e",
                "12428868-6f52-43a2-a7a1-c8c60ab35da6"
              ],
              "failures": [
                "9c9e4560-37a7-4ac1-92e3-cb56ace6fab0",
                "1ccaef03-40ed-44f5-bcfd-5bb51c723179"
              ],
              "pending": [],
              "skipped": [],
              "duration": 3182,
              "root": false,
              "rootEmpty": false,
              "_timeout": 2000
            }
          ],
          "passes": [],
          "failures": [],
          "pending": [],
          "skipped": [],
          "duration": 0,
          "root": false,
          "rootEmpty": false,
          "_timeout": 2000
        }
      ],
      "passes": [],
      "failures": [],
      "pending": [],
      "skipped": [],
      "duration": 0,
      "root": true,
      "rootEmpty": true,
      "_timeout": 2000
    },
    {
      "uuid": "2bc4e4a6-1fe9-4815-afbe-22db20d07aae",
      "title": "",
      "fullFile": "cypress/integration/Autolearning/Home/loginValidation.js",
      "file": "cypress/integration/Autolearning/Home/loginValidation.js",
      "beforeHooks": [],
      "afterHooks": [],
      "tests": [],
      "suites": [
        {
          "uuid": "8db89593-79c4-451b-9fd3-8418bb2c5783",
          "title": "Actions",
          "fullFile": "",
          "file": "",
          "beforeHooks": [],
          "afterHooks": [],
          "tests": [],
          "suites": [
            {
              "uuid": "9f7fd563-7506-4f50-a67a-ad83d5206de1",
              "title": "Validate login using custom command",
              "fullFile": "",
              "file": "",
              "beforeHooks": [],
              "afterHooks": [],
              "tests": [
                {
                  "title": "Login successful validation using page objects",
                  "fullTitle": "Actions Validate login using custom command Login successful validation using page objects",
                  "timedOut": null,
                  "duration": 1690,
                  "state": "failed",
                  "speed": null,
                  "pass": false,
                  "fail": true,
                  "pending": false,
                  "context": null,
                  "code": "var myAccount = new _myAccountPage[\"default\"]();\nmyAccount.myAccount.loginEmail().type('antara.jb@gmail.com');\nmyAccount.loginPass().type('12345678');\nmyAccount.loginSubmit().click();\nmyAccount.loginSuccess().should('be.exist');",
                  "err": {
                    "message": "TypeError: Cannot read property 'loginEmail' of undefined",
                    "estack": "TypeError: Cannot read property 'loginEmail' of undefined\n    at Context.eval (https://www.flighthub.com/__cypress/tests?p=cypress/integration/Autolearning/Home/loginValidation.js:16:27)",
                    "diff": null
                  },
                  "uuid": "8f059902-309c-4c3d-94a3-92c521feece2",
                  "parentUUID": "9f7fd563-7506-4f50-a67a-ad83d5206de1",
                  "isHook": false,
                  "skipped": false
                },
                {
                  "title": "Login using custom command and passing raw argument data",
                  "fullTitle": "Actions Validate login using custom command Login using custom command and passing raw argument data",
                  "timedOut": null,
                  "duration": 5368,
                  "state": "passed",
                  "speed": "slow",
                  "pass": true,
                  "fail": false,
                  "pending": false,
                  "context": null,
                  "code": "cy.login('antara.jb@gmail.com', '12345678');",
                  "err": {},
                  "uuid": "769671d7-0b76-4b44-af4b-8e145e7bb4c7",
                  "parentUUID": "9f7fd563-7506-4f50-a67a-ad83d5206de1",
                  "isHook": false,
                  "skipped": false
                },
                {
                  "title": "Login using custom command and read test data from json",
                  "fullTitle": "Actions Validate login using custom command Login using custom command and read test data from json",
                  "timedOut": null,
                  "duration": 5296,
                  "state": "passed",
                  "speed": "slow",
                  "pass": true,
                  "fail": false,
                  "pending": false,
                  "context": null,
                  "code": "cy.fixture('FlightHub_user.json').then(function (user) {\n  var email = user.email;\n  var pass = user.password;\n  cy.login(email, pass);\n});",
                  "err": {},
                  "uuid": "efd5a272-c6b5-4388-afc7-68e2da4c2be2",
                  "parentUUID": "9f7fd563-7506-4f50-a67a-ad83d5206de1",
                  "isHook": false,
                  "skipped": false
                }
              ],
              "suites": [],
              "passes": [
                "769671d7-0b76-4b44-af4b-8e145e7bb4c7",
                "efd5a272-c6b5-4388-afc7-68e2da4c2be2"
              ],
              "failures": [
                "8f059902-309c-4c3d-94a3-92c521feece2"
              ],
              "pending": [],
              "skipped": [],
[...]
            "369fa5f4-4823-4c09-b2e6-fc8ffe602785",
            "8bdd52c0-5fdb-4bd5-8903-ec6946a4d3dd",
            "421d19b3-817a-4748-a329-5d687c0bbaa8",
            "ddcef198-7ff6-4f7b-987c-9df2f4b134b7",
            "88623d46-be98-4a3d-b0f1-4f54aeed5f9b",
            "29c192d9-bf23-4063-ac49-9af2c1196894",
            "957ab265-8b45-4d3d-afbe-abb32bfbaabb",
            "d2f1450c-aa4b-4308-87ed-cf74c8ade117",
            "3dd9e45d-873f-42a5-b394-70271bc7e1c4",
            "477200da-a97e-4a4c-a36a-97722e9fc79f",
            "e44dc1c2-6cd5-47cb-bfaa-4140d14bbe8e",
            "e8eedf71-2f90-44e0-998f-da1ecdeac369",
            "404def6f-c9ed-40f1-8c9f-b4ef070c5c72",
            "ffb83ba5-5df6-4e09-946f-c39f38c4a53a",
            "4f9f8a8c-d0cc-4d35-8d27-e0cd427df895",
            "0f7df73a-25c9-4013-bf32-eb691e8cf74e",
            "93503e8f-6ed6-4cd9-818c-6d2dd35bcfa8"
          ],
          "failures": [],
          "pending": [],
          "skipped": [],
          "duration": 3381,
          "root": false,
          "rootEmpty": false,
          "_timeout": 2000
        }
      ],
      "passes": [],
      "failures": [],
      "pending": [],
      "skipped": [],
      "duration": 0,
      "root": true,
      "rootEmpty": true,
      "_timeout": 2000
    },
    {
      "uuid": "a05c8517-4275-4db8-be15-249ef14f5418",
      "title": "",
      "fullFile": "cypress/integration/examples/utilities.spec.js",
      "file": "cypress/integration/examples/utilities.spec.js",
      "beforeHooks": [],
      "afterHooks": [],
      "tests": [],
      "suites": [
        {
          "uuid": "6f77eeeb-542e-419c-9e0d-c81fbc7862f0",
          "title": "Utilities",
          "fullFile": "",
          "file": "",
          "beforeHooks": [],
          "afterHooks": [],
          "tests": [
            {
              "title": "Cypress._ - call a lodash method",
              "fullTitle": "Utilities Cypress._ - call a lodash method",
              "timedOut": null,
              "duration": 535,
              "state": "passed",
              "speed": "slow",
              "pass": true,
              "fail": false,
              "pending": false,
              "context": null,
              "code": "// https://on.cypress.io/_\ncy.request('https://jsonplaceholder.cypress.io/users').then(function (response) {\n  var ids = Cypress._.chain(response.body).map('id').take(3).value();\n  expect(ids).to.deep.eq([1, 2, 3]);\n});",
              "err": {},
              "uuid": "6e7af0f0-6bdf-4c40-8ad1-c9a014e423de",
              "parentUUID": "6f77eeeb-542e-419c-9e0d-c81fbc7862f0",
              "isHook": false,
              "skipped": false
            },
            {
              "title": "Cypress.$ - call a jQuery method",
              "fullTitle": "Utilities Cypress.$ - call a jQuery method",
              "timedOut": null,
              "duration": 334,
              "state": "passed",
              "speed": "slow",
              "pass": true,
              "fail": false,
              "pending": false,
              "context": null,
              "code": "// https://on.cypress.io/$\nvar $li = Cypress.$('.utility-jquery li:first');\ncy.wrap($li).should('not.have.class', 'active').click().should('have.class', 'active');",
              "err": {},
              "uuid": "e3b40654-3867-4b99-9d3f-e769295a063c",
              "parentUUID": "6f77eeeb-542e-419c-9e0d-c81fbc7862f0",
              "isHook": false,
              "skipped": false
            },
            {
              "title": "Cypress.Blob - blob utilities and base64 string conversion",
              "fullTitle": "Utilities Cypress.Blob - blob utilities and base64 string conversion",
              "timedOut": null,
              "duration": 341,
              "state": "passed",
              "speed": "slow",
              "pass": true,
              "fail": false,
              "pending": false,
              "context": null,
              "code": "// https://on.cypress.io/blob\ncy.get('.utility-blob').then(function ($div) {\n  return (// https://github.com/nolanlawson/blob-util#imgSrcToDataURL\n    // get the dataUrl string for the javascript-logo\n    Cypress.Blob.imgSrcToDataURL('https://example.cypress.io/assets/img/javascript-logo.png', undefined, 'anonymous').then(function (dataUrl) {\n      // create an <img> element and set its src to the dataUrl\n      var img = Cypress.$('<img />', {\n        src: dataUrl\n      }); // need to explicitly return cy here since we are initially returning\n      // the Cypress.Blob.imgSrcToDataURL promise to our test\n      // append the image\n      $div.append(img);\n      cy.get('.utility-blob img').click().should('have.attr', 'src', dataUrl);\n    })\n  );\n});",
              "err": {},
              "uuid": "f92c7680-b40d-4361-9c1a-04053a27d2e3",
              "parentUUID": "6f77eeeb-542e-419c-9e0d-c81fbc7862f0",
              "isHook": false,
              "skipped": false
            },
            {
              "title": "Cypress.minimatch - test out glob patterns against strings",
              "fullTitle": "Utilities Cypress.minimatch - test out glob patterns against strings",
              "timedOut": null,
              "duration": 134,
              "state": "passed",
              "speed": "slow",
              "pass": true,
              "fail": false,
              "pending": false,
              "context": null,
              "code": "// https://on.cypress.io/minimatch\nvar matching = Cypress.minimatch('/users/1/comments', '/users/*/comments', {\n  matchBase: true\n});\nexpect(matching, 'matching wildcard').to.be[\"true\"];\nmatching = Cypress.minimatch('/users/1/comments/2', '/users/*/comments', {\n  matchBase: true\n});\nexpect(matching, 'comments').to.be[\"false\"]; // ** matches against all downstream path segments\nmatching = Cypress.minimatch('/foo/bar/baz/123/quux?a=b&c=2', '/foo/**', {\n  matchBase: true\n});\nexpect(matching, 'comments').to.be[\"true\"]; // whereas * matches only the next path segment\nmatching = Cypress.minimatch('/foo/bar/baz/123/quux?a=b&c=2', '/foo/*', {\n  matchBase: false\n});\nexpect(matching, 'comments').to.be[\"false\"];",
              "err": {},
              "uuid": "7dcbe6df-8959-46f4-a1f0-9d482fe30e92",
              "parentUUID": "6f77eeeb-542e-419c-9e0d-c81fbc7862f0",
              "isHook": false,
              "skipped": false
            },
            {
              "title": "Cypress.moment() - format or parse dates using a moment method",
              "fullTitle": "Utilities Cypress.moment() - format or parse dates using a moment method",
              "timedOut": null,
              "duration": 181,
              "state": "passed",
              "speed": "slow",
              "pass": true,
              "fail": false,
              "pending": false,
              "context": null,
              "code": "// https://on.cypress.io/moment\nvar time = Cypress.moment('2014-04-25T19:38:53.196Z').utc().format('h:mm A');\nexpect(time).to.be.a('string');\ncy.get('.utility-moment').contains('3:38 PM').should('have.class', 'badge'); // the time in the element should be between 3pm and 5pm\nvar start = Cypress.moment('3:00 PM', 'LT');\nvar end = Cypress.moment('5:00 PM', 'LT');\ncy.get('.utility-moment .badge').should(function ($el) {\n  // parse American time like \"3:38 PM\"\n  var m = Cypress.moment($el.text().trim(), 'LT'); // display hours + minutes + AM|PM\n  var f = 'h:mm A';\n  expect(m.isBetween(start, end), \"\".concat(m.format(f), \" should be between \").concat(start.format(f), \" and \").concat(end.format(f))).to.be[\"true\"];\n});",
              "err": {},
              "uuid": "ba9dabab-c337-4e03-b973-46820a80fe7f",
              "parentUUID": "6f77eeeb-542e-419c-9e0d-c81fbc7862f0",
              "isHook": false,
              "skipped": false
            },
            {
              "title": "Cypress.Promise - instantiate a bluebird promise",
              "fullTitle": "Utilities Cypress.Promise - instantiate a bluebird promise",
              "timedOut": null,
              "duration": 1121,
              "state": "passed",
              "speed": "slow",
              "pass": true,
              "fail": false,
              "pending": false,
              "context": null,
              "code": "// https://on.cypress.io/promise\nvar waited = false;\n/**\n * @return Bluebird<string>\n */\nfunction waitOneSecond() {\n  // return a promise that resolves after 1 second\n  // @ts-ignore TS2351 (new Cypress.Promise)\n  return new Cypress.Promise(function (resolve, reject) {\n    setTimeout(function () {\n      // set waited to true\n      waited = true; // resolve with 'foo' string\n      resolve('foo');\n    }, 1000);\n  });\n}\ncy.then(function () {\n  return (// return a promise to cy.then() that\n    // is awaited until it resolves\n    // @ts-ignore TS7006\n    waitOneSecond().then(function (str) {\n      expect(str).to.eq('foo');\n      expect(waited).to.be[\"true\"];\n    })\n  );\n});",
              "err": {},
              "uuid": "11952205-4dde-4c65-a3df-8e8d51f1a00f",
              "parentUUID": "6f77eeeb-542e-419c-9e0d-c81fbc7862f0",
              "isHook": false,
              "skipped": false
            }
          ],
          "suites": [],
          "passes": [
            "6e7af0f0-6bdf-4c40-8ad1-c9a014e423de",
            "e3b40654-3867-4b99-9d3f-e769295a063c",
            "f92c7680-b40d-4361-9c1a-04053a27d2e3",
            "7dcbe6df-8959-46f4-a1f0-9d482fe30e92",
            "ba9dabab-c337-4e03-b973-46820a80fe7f",
            "11952205-4dde-4c65-a3df-8e8d51f1a00f"
          ],
          "failures": [],
          "pending": [],
          "skipped": [],
          "duration": 2646,
          "root": false,
          "rootEmpty": false,
          "_timeout": 2000
        }
      ],
      "passes": [],
      "failures": [],
      "pending": [],
      "skipped": [],
      "duration": 0,
      "root": true,
      "rootEmpty": true,
      "_timeout": 2000
    },
    {
      "uuid": "621ae44a-46d3-4621-aa54-39a597c678a1",
      "title": "",
      "fullFile": "cypress/integration/examples/viewport.spec.js",
      "file": "cypress/integration/examples/viewport.spec.js",
      "beforeHooks": [],
      "afterHooks": [],
      "tests": [],
      "suites": [
        {
          "uuid": "92526f74-ef57-4415-af20-75f9f2b5465f",
          "title": "Viewport",
          "fullFile": "",
          "file": "",
          "beforeHooks": [],
          "afterHooks": [],
          "tests": [
            {
              "title": "cy.viewport() - set the viewport size and dimension",
              "fullTitle": "Viewport cy.viewport() - set the viewport size and dimension",
              "timedOut": null,
              "duration": 3260,
              "state": "passed",
              "speed": "slow",
              "pass": true,
              "fail": false,
              "pending": false,
              "context": null,
              "code": "// https://on.cypress.io/viewport\ncy.get('#navbar').should('be.visible');\ncy.viewport(320, 480); // the navbar should have collapse since our screen is smaller\ncy.get('#navbar').should('not.be.visible');\ncy.get('.navbar-toggle').should('be.visible').click();\ncy.get('.nav').find('a').should('be.visible'); // lets see what our app looks like on a super large screen\ncy.viewport(2999, 2999); // cy.viewport() accepts a set of preset sizes\n// to easily set the screen to a device's width and height\n// We added a cy.wait() between each viewport change so you can see\n// the change otherwise it is a little too fast to see :)\ncy.viewport('macbook-15');\ncy.wait(200);\ncy.viewport('macbook-13');\ncy.wait(200);\ncy.viewport('macbook-11');\ncy.wait(200);\ncy.viewport('ipad-2');\ncy.wait(200);\ncy.viewport('ipad-mini');\ncy.wait(200);\ncy.viewport('iphone-6+');\ncy.wait(200);\ncy.viewport('iphone-6');\ncy.wait(200);\ncy.viewport('iphone-5');\ncy.wait(200);\ncy.viewport('iphone-4');\ncy.wait(200);\ncy.viewport('iphone-3');\ncy.wait(200); // cy.viewport() accepts an orientation for all presets\n// the default orientation is 'portrait'\ncy.viewport('ipad-2', 'portrait');\ncy.wait(200);\ncy.viewport('iphone-4', 'landscape');\ncy.wait(200); // The viewport will be reset back to the default dimensions\n// in between tests (the  default can be set in cypress.json)",
              "err": {},
              "uuid": "8f6a0e01-5351-4256-a3c3-d904511826ef",
              "parentUUID": "92526f74-ef57-4415-af20-75f9f2b5465f",
              "isHook": false,
              "skipped": false
            }
          ],
          "suites": [],
          "passes": [
            "8f6a0e01-5351-4256-a3c3-d904511826ef"
          ],
          "failures": [],
          "pending": [],
          "skipped": [],
          "duration": 3260,
          "root": false,
          "rootEmpty": false,
          "_timeout": 2000
        }
      ],
      "passes": [],
      "failures": [],
      "pending": [],
      "skipped": [],
      "duration": 0,
      "root": true,
      "rootEmpty": true,
      "_timeout": 2000
    },
    {
      "uuid": "aef60ef1-5b63-4621-9b6b-1b8e120129e0",
      "title": "",
      "fullFile": "cypress/integration/examples/waiting.spec.js",
      "file": "cypress/integration/examples/waiting.spec.js",
      "beforeHooks": [],
      "afterHooks": [],
      "tests": [],
      "suites": [
        {
          "uuid": "8d863a61-19fd-4368-8a39-0f37dd6a4d01",
          "title": "Waiting",
          "fullFile": "",
          "file": "",
          "beforeHooks": [],
          "afterHooks": [],
          "tests": [
            {
              "title": "cy.wait() - wait for a specific amount of time",
              "fullTitle": "Waiting cy.wait() - wait for a specific amount of time",
              "timedOut": null,
              "duration": 4803,
              "state": "passed",
              "speed": "slow",
              "pass": true,
              "fail": false,
              "pending": false,
              "context": null,
              "code": "cy.get('.wait-input1').type('Wait 1000ms after typing');\ncy.wait(1000);\ncy.get('.wait-input2').type('Wait 1000ms after typing');\ncy.wait(1000);\ncy.get('.wait-input3').type('Wait 1000ms after typing');\ncy.wait(1000);",
              "err": {},
              "uuid": "1bf4f39d-364c-4288-82f4-d8ca7ebb6a7e",
              "parentUUID": "8d863a61-19fd-4368-8a39-0f37dd6a4d01",
              "isHook": false,
              "skipped": false
            },
            {
              "title": "cy.wait() - wait for a specific route",
              "fullTitle": "Waiting cy.wait() - wait for a specific route",
              "timedOut": null,
              "duration": 446,
              "state": "passed",
              "speed": "slow",
              "pass": true,
              "fail": false,
              "pending": false,
              "context": null,
              "code": "cy.server(); // Listen to GET to comments/1\ncy.route('GET', 'comments/*').as('getComment'); // we have code that gets a comment when\n// the button is clicked in scripts.js\ncy.get('.network-btn').click(); // wait for GET comments/1\ncy.wait('@getComment').its('status').should('eq', 200);",
              "err": {},
              "uuid": "3b89670b-f070-48eb-acba-4c0f53caffdc",
              "parentUUID": "8d863a61-19fd-4368-8a39-0f37dd6a4d01",
              "isHook": false,
              "skipped": false
            }
          ],
          "suites": [],
          "passes": [
            "1bf4f39d-364c-4288-82f4-d8ca7ebb6a7e",
            "3b89670b-f070-48eb-acba-4c0f53caffdc"
          ],
          "failures": [],
          "pending": [],
          "skipped": [],
          "duration": 5249,
          "root": false,
          "rootEmpty": false,
          "_timeout": 2000
        }
      ],
      "passes": [],
      "failures": [],
      "pending": [],
      "skipped": [],
      "duration": 0,
      "root": true,
      "rootEmpty": true,
      "_timeout": 2000
    },
    {
      "uuid": "80eb1697-47c0-4640-83d0-96543a85f9b3",
      "title": "",
      "fullFile": "cypress/integration/examples/window.spec.js",
      "file": "cypress/integration/examples/window.spec.js",
      "beforeHooks": [],
      "afterHooks": [],
      "tests": [],
      "suites": [
        {
          "uuid": "a48b6f80-4dd5-4d54-9810-8bacf3ed490b",
          "title": "Window",
          "fullFile": "",
          "file": "",
          "beforeHooks": [],
          "afterHooks": [],
          "tests": [
            {
              "title": "cy.window() - get the global window object",
              "fullTitle": "Window cy.window() - get the global window object",
              "timedOut": null,
              "duration": 327,
              "state": "passed",
              "speed": "slow",
              "pass": true,
              "fail": false,
              "pending": false,
              "context": null,
              "code": "// https://on.cypress.io/window\ncy.window().should('have.property', 'top');",
              "err": {},
              "uuid": "8459f753-fd83-4ca5-b50d-89fb385a1d5b",
              "parentUUID": "a48b6f80-4dd5-4d54-9810-8bacf3ed490b",
              "isHook": false,
              "skipped": false
            },
            {
              "title": "cy.document() - get the document object",
              "fullTitle": "Window cy.document() - get the document object",
              "timedOut": null,
              "duration": 233,
              "state": "passed",
              "speed": "slow",
              "pass": true,
              "fail": false,
              "pending": false,
              "context": null,
              "code": "// https://on.cypress.io/document\ncy.document().should('have.property', 'charset').and('eq', 'UTF-8');",
              "err": {},
              "uuid": "4d90d72d-1e2c-491b-922a-e79d603eb9cd",
              "parentUUID": "a48b6f80-4dd5-4d54-9810-8bacf3ed490b",
              "isHook": false,
              "skipped": false
            },
            {
              "title": "cy.title() - get the title",
              "fullTitle": "Window cy.title() - get the title",
              "timedOut": null,
              "duration": 151,
              "state": "passed",
              "speed": "slow",
              "pass": true,
              "fail": false,
              "pending": false,
              "context": null,
              "code": "// https://on.cypress.io/title\ncy.title().should('include', 'Kitchen Sink');",
              "err": {},
              "uuid": "21b61e72-69cc-4b40-8319-ec68e2f299ee",
              "parentUUID": "a48b6f80-4dd5-4d54-9810-8bacf3ed490b",
              "isHook": false,
              "skipped": false
            }
          ],
          "suites": [],
          "passes": [
            "8459f753-fd83-4ca5-b50d-89fb385a1d5b",
            "4d90d72d-1e2c-491b-922a-e79d603eb9cd",
            "21b61e72-69cc-4b40-8319-ec68e2f299ee"
          ],
          "failures": [],
          "pending": [],
          "skipped": [],
          "duration": 711,
          "root": false,
          "rootEmpty": false,
          "_timeout": 2000
        }
      ],
      "passes": [],
      "failures": [],
      "pending": [],
      "skipped": [],
      "duration": 0,
      "root": true,
      "rootEmpty": true,
      "_timeout": 2000
    }
  ],
  "meta": {
    "mocha": {
      "version": "7.0.1"
    },
    "mochawesome": {
      "options": {
        "quiet": false,
        "reportFilename": "mochawesome",
        "saveHtml": false,
        "saveJson": true,
        "consoleReporter": "spec",
        "useInlineDiffs": false,
        "code": true
      },
      "version": "6.1.1"
    },
    "marge": {
      "options": {
        "id": "default",
        "reportDir": "cypress/reports/mocha",
        "quite": true,
        "overwrite": false,
        "html": false,
        "json": true
      },
      "version": "5.1.0"
    }
  }
}